Start testing: Aug 17 14:52 CST
----------------------------------------------------------
15/166 Testing: t_strm_reassem_single
15/166 Test: t_strm_reassem_single
Command: "/home/bolee/cs144/sponge/Release/tests/fsm_stream_reassembler_single"
Directory: /home/bolee/cs144/sponge/Release
"t_strm_reassem_single" start time: Aug 17 14:52 CST
Output:
----------------------------------------------------------
i really want to fuck you!!!!!!!!!!!!!Test Failure on expectation:
	Action:      substring submitted with data "cdefg", index `2`, eof `0`

Failure message:
	basic_string::substr: __pos (which is 8) > this->size() (which is 0)

List of steps that executed successfully:
	Initialized (capacity = 8)
	Action:      substring submitted with data "abc", index `0`, eof `0`
	Expectation: net bytes assembled = 3
	Expectation: not at EOF
	Action:      substring submitted with data "ghX", index `6`, eof `1`

Exception: The test caused your implementation to throw an exception!
<end of output>
Test time =   0.01 sec
----------------------------------------------------------
Test Failed.
"t_strm_reassem_single" end time: Aug 17 14:52 CST
"t_strm_reassem_single" time elapsed: 00:00:00
----------------------------------------------------------

16/166 Testing: t_strm_reassem_seq
16/166 Test: t_strm_reassem_seq
Command: "/home/bolee/cs144/sponge/Release/tests/fsm_stream_reassembler_seq"
Directory: /home/bolee/cs144/sponge/Release
"t_strm_reassem_seq" start time: Aug 17 14:52 CST
Output:
----------------------------------------------------------
<end of output>
Test time =   0.02 sec
----------------------------------------------------------
Test Passed.
"t_strm_reassem_seq" end time: Aug 17 14:52 CST
"t_strm_reassem_seq" time elapsed: 00:00:00
----------------------------------------------------------

17/166 Testing: t_strm_reassem_dup
17/166 Test: t_strm_reassem_dup
Command: "/home/bolee/cs144/sponge/Release/tests/fsm_stream_reassembler_dup"
Directory: /home/bolee/cs144/sponge/Release
"t_strm_reassem_dup" start time: Aug 17 14:52 CST
Output:
----------------------------------------------------------
<end of output>
Test time =   0.05 sec
----------------------------------------------------------
Test Passed.
"t_strm_reassem_dup" end time: Aug 17 14:52 CST
"t_strm_reassem_dup" time elapsed: 00:00:00
----------------------------------------------------------

18/166 Testing: t_strm_reassem_holes
18/166 Test: t_strm_reassem_holes
Command: "/home/bolee/cs144/sponge/Release/tests/fsm_stream_reassembler_holes"
Directory: /home/bolee/cs144/sponge/Release
"t_strm_reassem_holes" start time: Aug 17 14:52 CST
Output:
----------------------------------------------------------
Test Failure on expectation:
	Action:      substring submitted with data "ab", index `0`, eof `0`

Failure message:
	basic_string::substr: __pos (which is 2) > this->size() (which is 0)

List of steps that executed successfully:
	Initialized (capacity = 65000)
	Action:      substring submitted with data "b", index `1`, eof `0`

Exception: The test caused your implementation to throw an exception!
<end of output>
Test time =   0.01 sec
----------------------------------------------------------
Test Failed.
"t_strm_reassem_holes" end time: Aug 17 14:52 CST
"t_strm_reassem_holes" time elapsed: 00:00:00
----------------------------------------------------------

19/166 Testing: t_strm_reassem_many
19/166 Test: t_strm_reassem_many
Command: "/home/bolee/cs144/sponge/Release/tests/fsm_stream_reassembler_many"
Directory: /home/bolee/cs144/sponge/Release
"t_strm_reassem_many" start time: Aug 17 14:52 CST
Output:
----------------------------------------------------------
<end of output>
Test time =   1.30 sec
----------------------------------------------------------
Test Failed.
"t_strm_reassem_many" end time: Aug 17 14:52 CST
"t_strm_reassem_many" time elapsed: 00:00:01
----------------------------------------------------------

20/166 Testing: t_strm_reassem_overlapping
20/166 Test: t_strm_reassem_overlapping
Command: "/home/bolee/cs144/sponge/Release/tests/fsm_stream_reassembler_overlapping"
Directory: /home/bolee/cs144/sponge/Release
"t_strm_reassem_overlapping" start time: Aug 17 14:52 CST
Output:
----------------------------------------------------------
Test Failure on expectation:
	Action:      substring submitted with data "ab", index `0`, eof `0`

Failure message:
	basic_string::substr: __pos (which is 2) > this->size() (which is 0)

List of steps that executed successfully:
	Initialized (capacity = 1000)
	Action:      substring submitted with data "b", index `1`, eof `0`
	Expectation: stream_out().buffer_size() returned 0, and stream_out().read(0) returned the string ""

Exception: The test caused your implementation to throw an exception!
<end of output>
Test time =   0.01 sec
----------------------------------------------------------
Test Failed.
"t_strm_reassem_overlapping" end time: Aug 17 14:52 CST
"t_strm_reassem_overlapping" time elapsed: 00:00:00
----------------------------------------------------------

21/166 Testing: t_strm_reassem_win
21/166 Test: t_strm_reassem_win
Command: "/home/bolee/cs144/sponge/Release/tests/fsm_stream_reassembler_win"
Directory: /home/bolee/cs144/sponge/Release
"t_strm_reassem_win" start time: Aug 17 14:52 CST
Output:
----------------------------------------------------------
<end of output>
Test time =   0.98 sec
----------------------------------------------------------
Test Failed.
"t_strm_reassem_win" end time: Aug 17 14:52 CST
"t_strm_reassem_win" time elapsed: 00:00:00
----------------------------------------------------------

22/166 Testing: t_strm_reassem_cap
22/166 Test: t_strm_reassem_cap
Command: "/home/bolee/cs144/sponge/Release/tests/fsm_stream_reassembler_cap"
Directory: /home/bolee/cs144/sponge/Release
"t_strm_reassem_cap" start time: Aug 17 14:52 CST
Output:
----------------------------------------------------------
<end of output>
Test time =   0.83 sec
----------------------------------------------------------
Test Passed.
"t_strm_reassem_cap" end time: Aug 17 14:52 CST
"t_strm_reassem_cap" time elapsed: 00:00:00
----------------------------------------------------------

23/166 Testing: t_byte_stream_construction
23/166 Test: t_byte_stream_construction
Command: "/home/bolee/cs144/sponge/Release/tests/byte_stream_construction"
Directory: /home/bolee/cs144/sponge/Release
"t_byte_stream_construction" start time: Aug 17 14:52 CST
Output:
----------------------------------------------------------
<end of output>
Test time =   0.01 sec
----------------------------------------------------------
Test Passed.
"t_byte_stream_construction" end time: Aug 17 14:52 CST
"t_byte_stream_construction" time elapsed: 00:00:00
----------------------------------------------------------

24/166 Testing: t_byte_stream_one_write
24/166 Test: t_byte_stream_one_write
Command: "/home/bolee/cs144/sponge/Release/tests/byte_stream_one_write"
Directory: /home/bolee/cs144/sponge/Release
"t_byte_stream_one_write" start time: Aug 17 14:52 CST
Output:
----------------------------------------------------------
<end of output>
Test time =   0.01 sec
----------------------------------------------------------
Test Passed.
"t_byte_stream_one_write" end time: Aug 17 14:52 CST
"t_byte_stream_one_write" time elapsed: 00:00:00
----------------------------------------------------------

25/166 Testing: t_byte_stream_two_writes
25/166 Test: t_byte_stream_two_writes
Command: "/home/bolee/cs144/sponge/Release/tests/byte_stream_two_writes"
Directory: /home/bolee/cs144/sponge/Release
"t_byte_stream_two_writes" start time: Aug 17 14:52 CST
Output:
----------------------------------------------------------
<end of output>
Test time =   0.01 sec
----------------------------------------------------------
Test Passed.
"t_byte_stream_two_writes" end time: Aug 17 14:52 CST
"t_byte_stream_two_writes" time elapsed: 00:00:00
----------------------------------------------------------

26/166 Testing: t_byte_stream_capacity
26/166 Test: t_byte_stream_capacity
Command: "/home/bolee/cs144/sponge/Release/tests/byte_stream_capacity"
Directory: /home/bolee/cs144/sponge/Release
"t_byte_stream_capacity" start time: Aug 17 14:52 CST
Output:
----------------------------------------------------------
<end of output>
Test time =   3.30 sec
----------------------------------------------------------
Test Passed.
"t_byte_stream_capacity" end time: Aug 17 14:52 CST
"t_byte_stream_capacity" time elapsed: 00:00:03
----------------------------------------------------------

27/166 Testing: t_byte_stream_many_writes
27/166 Test: t_byte_stream_many_writes
Command: "/home/bolee/cs144/sponge/Release/tests/byte_stream_many_writes"
Directory: /home/bolee/cs144/sponge/Release
"t_byte_stream_many_writes" start time: Aug 17 14:52 CST
Output:
----------------------------------------------------------
<end of output>
Test time =   0.03 sec
----------------------------------------------------------
Test Passed.
"t_byte_stream_many_writes" end time: Aug 17 14:52 CST
"t_byte_stream_many_writes" time elapsed: 00:00:00
----------------------------------------------------------

50/166 Testing: t_address_dt
50/166 Test: t_address_dt
Command: "/home/bolee/cs144/sponge/Release/doctests/address_dt"
Directory: /home/bolee/cs144/sponge/Release
"t_address_dt" start time: Aug 17 14:52 CST
Output:
----------------------------------------------------------
<end of output>
Test time =   0.02 sec
----------------------------------------------------------
Test Passed.
"t_address_dt" end time: Aug 17 14:52 CST
"t_address_dt" time elapsed: 00:00:00
----------------------------------------------------------

51/166 Testing: t_parser_dt
51/166 Test: t_parser_dt
Command: "/home/bolee/cs144/sponge/Release/doctests/parser_dt"
Directory: /home/bolee/cs144/sponge/Release
"t_parser_dt" start time: Aug 17 14:52 CST
Output:
----------------------------------------------------------
<end of output>
Test time =   0.01 sec
----------------------------------------------------------
Test Passed.
"t_parser_dt" end time: Aug 17 14:52 CST
"t_parser_dt" time elapsed: 00:00:00
----------------------------------------------------------

52/166 Testing: t_socket_dt
52/166 Test: t_socket_dt
Command: "/home/bolee/cs144/sponge/Release/doctests/socket_dt"
Directory: /home/bolee/cs144/sponge/Release
"t_socket_dt" start time: Aug 17 14:52 CST
Output:
----------------------------------------------------------
<end of output>
Test time =   0.02 sec
----------------------------------------------------------
Test Passed.
"t_socket_dt" end time: Aug 17 14:52 CST
"t_socket_dt" time elapsed: 00:00:00
----------------------------------------------------------

End testing: Aug 17 14:52 CST
