Start testing: Sep 23 15:33 CST
----------------------------------------------------------
1/164 Testing: t_wrapping_ints_cmp
1/164 Test: t_wrapping_ints_cmp
Command: "/home/bolee/cs144/sponge/Debug/tests/wrapping_integers_cmp"
Directory: /home/bolee/cs144/sponge/Debug
"t_wrapping_ints_cmp" start time: Sep 23 15:33 CST
Output:
----------------------------------------------------------
<end of output>
Test time =   0.01 sec
----------------------------------------------------------
Test Passed.
"t_wrapping_ints_cmp" end time: Sep 23 15:33 CST
"t_wrapping_ints_cmp" time elapsed: 00:00:00
----------------------------------------------------------

2/164 Testing: t_wrapping_ints_unwrap
2/164 Test: t_wrapping_ints_unwrap
Command: "/home/bolee/cs144/sponge/Debug/tests/wrapping_integers_unwrap"
Directory: /home/bolee/cs144/sponge/Debug
"t_wrapping_ints_unwrap" start time: Sep 23 15:33 CST
Output:
----------------------------------------------------------
<end of output>
Test time =   0.02 sec
----------------------------------------------------------
Test Passed.
"t_wrapping_ints_unwrap" end time: Sep 23 15:33 CST
"t_wrapping_ints_unwrap" time elapsed: 00:00:00
----------------------------------------------------------

3/164 Testing: t_wrapping_ints_wrap
3/164 Test: t_wrapping_ints_wrap
Command: "/home/bolee/cs144/sponge/Debug/tests/wrapping_integers_wrap"
Directory: /home/bolee/cs144/sponge/Debug
"t_wrapping_ints_wrap" start time: Sep 23 15:33 CST
Output:
----------------------------------------------------------
<end of output>
Test time =   0.02 sec
----------------------------------------------------------
Test Passed.
"t_wrapping_ints_wrap" end time: Sep 23 15:33 CST
"t_wrapping_ints_wrap" time elapsed: 00:00:00
----------------------------------------------------------

4/164 Testing: t_wrapping_ints_roundtrip
4/164 Test: t_wrapping_ints_roundtrip
Command: "/home/bolee/cs144/sponge/Debug/tests/wrapping_integers_roundtrip"
Directory: /home/bolee/cs144/sponge/Debug
"t_wrapping_ints_roundtrip" start time: Sep 23 15:33 CST
Output:
----------------------------------------------------------
<end of output>
Test time =   1.10 sec
----------------------------------------------------------
Test Passed.
"t_wrapping_ints_roundtrip" end time: Sep 23 15:33 CST
"t_wrapping_ints_roundtrip" time elapsed: 00:00:01
----------------------------------------------------------

5/164 Testing: t_recv_connect
5/164 Test: t_recv_connect
Command: "/home/bolee/cs144/sponge/Debug/tests/recv_connect"
Directory: /home/bolee/cs144/sponge/Debug
"t_recv_connect" start time: Sep 23 15:33 CST
Output:
----------------------------------------------------------
<end of output>
Test time =   0.01 sec
----------------------------------------------------------
Test Passed.
"t_recv_connect" end time: Sep 23 15:33 CST
"t_recv_connect" time elapsed: 00:00:00
----------------------------------------------------------

6/164 Testing: t_recv_transmit
6/164 Test: t_recv_transmit
Command: "/home/bolee/cs144/sponge/Debug/tests/recv_transmit"
Directory: /home/bolee/cs144/sponge/Debug
"t_recv_transmit" start time: Sep 23 15:33 CST
Output:
----------------------------------------------------------
<end of output>
Test time =   0.56 sec
----------------------------------------------------------
Test Passed.
"t_recv_transmit" end time: Sep 23 15:33 CST
"t_recv_transmit" time elapsed: 00:00:00
----------------------------------------------------------

7/164 Testing: t_recv_window
7/164 Test: t_recv_window
Command: "/home/bolee/cs144/sponge/Debug/tests/recv_window"
Directory: /home/bolee/cs144/sponge/Debug
"t_recv_window" start time: Sep 23 15:33 CST
Output:
----------------------------------------------------------
<end of output>
Test time =   0.02 sec
----------------------------------------------------------
Test Passed.
"t_recv_window" end time: Sep 23 15:33 CST
"t_recv_window" time elapsed: 00:00:00
----------------------------------------------------------

8/164 Testing: t_recv_reorder
8/164 Test: t_recv_reorder
Command: "/home/bolee/cs144/sponge/Debug/tests/recv_reorder"
Directory: /home/bolee/cs144/sponge/Debug
"t_recv_reorder" start time: Sep 23 15:33 CST
Output:
----------------------------------------------------------
<end of output>
Test time =   0.02 sec
----------------------------------------------------------
Test Passed.
"t_recv_reorder" end time: Sep 23 15:33 CST
"t_recv_reorder" time elapsed: 00:00:00
----------------------------------------------------------

9/164 Testing: t_recv_close
9/164 Test: t_recv_close
Command: "/home/bolee/cs144/sponge/Debug/tests/recv_close"
Directory: /home/bolee/cs144/sponge/Debug
"t_recv_close" start time: Sep 23 15:33 CST
Output:
----------------------------------------------------------
<end of output>
Test time =   0.01 sec
----------------------------------------------------------
Test Passed.
"t_recv_close" end time: Sep 23 15:33 CST
"t_recv_close" time elapsed: 00:00:00
----------------------------------------------------------

10/164 Testing: t_recv_special
10/164 Test: t_recv_special
Command: "/home/bolee/cs144/sponge/Debug/tests/recv_special"
Directory: /home/bolee/cs144/sponge/Debug
"t_recv_special" start time: Sep 23 15:33 CST
Output:
----------------------------------------------------------
<end of output>
Test time =   0.02 sec
----------------------------------------------------------
Test Passed.
"t_recv_special" end time: Sep 23 15:33 CST
"t_recv_special" time elapsed: 00:00:00
----------------------------------------------------------

11/164 Testing: t_send_connect
11/164 Test: t_send_connect
Command: "/home/bolee/cs144/sponge/Debug/tests/send_connect"
Directory: /home/bolee/cs144/sponge/Debug
"t_send_connect" start time: Sep 23 15:33 CST
Output:
----------------------------------------------------------
<end of output>
Test time =   0.02 sec
----------------------------------------------------------
Test Passed.
"t_send_connect" end time: Sep 23 15:33 CST
"t_send_connect" time elapsed: 00:00:00
----------------------------------------------------------

12/164 Testing: t_send_transmit
12/164 Test: t_send_transmit
Command: "/home/bolee/cs144/sponge/Debug/tests/send_transmit"
Directory: /home/bolee/cs144/sponge/Debug
"t_send_transmit" start time: Sep 23 15:33 CST
Output:
----------------------------------------------------------
<end of output>
Test time =   0.42 sec
----------------------------------------------------------
Test Passed.
"t_send_transmit" end time: Sep 23 15:33 CST
"t_send_transmit" time elapsed: 00:00:00
----------------------------------------------------------

13/164 Testing: t_send_retx
13/164 Test: t_send_retx
Command: "/home/bolee/cs144/sponge/Debug/tests/send_retx"
Directory: /home/bolee/cs144/sponge/Debug
"t_send_retx" start time: Sep 23 15:33 CST
Output:
----------------------------------------------------------
<end of output>
Test time =   0.02 sec
----------------------------------------------------------
Test Passed.
"t_send_retx" end time: Sep 23 15:33 CST
"t_send_retx" time elapsed: 00:00:00
----------------------------------------------------------

14/164 Testing: t_send_window
14/164 Test: t_send_window
Command: "/home/bolee/cs144/sponge/Debug/tests/send_window"
Directory: /home/bolee/cs144/sponge/Debug
"t_send_window" start time: Sep 23 15:33 CST
Output:
----------------------------------------------------------
<end of output>
Test time =   0.10 sec
----------------------------------------------------------
Test Passed.
"t_send_window" end time: Sep 23 15:33 CST
"t_send_window" time elapsed: 00:00:00
----------------------------------------------------------

15/164 Testing: t_send_ack
15/164 Test: t_send_ack
Command: "/home/bolee/cs144/sponge/Debug/tests/send_ack"
Directory: /home/bolee/cs144/sponge/Debug
"t_send_ack" start time: Sep 23 15:33 CST
Output:
----------------------------------------------------------
<end of output>
Test time =   0.01 sec
----------------------------------------------------------
Test Passed.
"t_send_ack" end time: Sep 23 15:33 CST
"t_send_ack" time elapsed: 00:00:00
----------------------------------------------------------

16/164 Testing: t_send_close
16/164 Test: t_send_close
Command: "/home/bolee/cs144/sponge/Debug/tests/send_close"
Directory: /home/bolee/cs144/sponge/Debug
"t_send_close" start time: Sep 23 15:33 CST
Output:
----------------------------------------------------------
<end of output>
Test time =   0.01 sec
----------------------------------------------------------
Test Passed.
"t_send_close" end time: Sep 23 15:33 CST
"t_send_close" time elapsed: 00:00:00
----------------------------------------------------------

17/164 Testing: t_send_extra
17/164 Test: t_send_extra
Command: "/home/bolee/cs144/sponge/Debug/tests/send_extra"
Directory: /home/bolee/cs144/sponge/Debug
"t_send_extra" start time: Sep 23 15:33 CST
Output:
----------------------------------------------------------
<end of output>
Test time =   0.02 sec
----------------------------------------------------------
Test Passed.
"t_send_extra" end time: Sep 23 15:33 CST
"t_send_extra" time elapsed: 00:00:00
----------------------------------------------------------

18/164 Testing: t_strm_reassem_single
18/164 Test: t_strm_reassem_single
Command: "/home/bolee/cs144/sponge/Debug/tests/fsm_stream_reassembler_single"
Directory: /home/bolee/cs144/sponge/Debug
"t_strm_reassem_single" start time: Sep 23 15:33 CST
Output:
----------------------------------------------------------
i really want to fuck you!!!!!!!!!!!!!
<end of output>
Test time =   0.02 sec
----------------------------------------------------------
Test Passed.
"t_strm_reassem_single" end time: Sep 23 15:33 CST
"t_strm_reassem_single" time elapsed: 00:00:00
----------------------------------------------------------

19/164 Testing: t_strm_reassem_seq
19/164 Test: t_strm_reassem_seq
Command: "/home/bolee/cs144/sponge/Debug/tests/fsm_stream_reassembler_seq"
Directory: /home/bolee/cs144/sponge/Debug
"t_strm_reassem_seq" start time: Sep 23 15:33 CST
Output:
----------------------------------------------------------
<end of output>
Test time =   0.02 sec
----------------------------------------------------------
Test Passed.
"t_strm_reassem_seq" end time: Sep 23 15:33 CST
"t_strm_reassem_seq" time elapsed: 00:00:00
----------------------------------------------------------

20/164 Testing: t_strm_reassem_dup
20/164 Test: t_strm_reassem_dup
Command: "/home/bolee/cs144/sponge/Debug/tests/fsm_stream_reassembler_dup"
Directory: /home/bolee/cs144/sponge/Debug
"t_strm_reassem_dup" start time: Sep 23 15:33 CST
Output:
----------------------------------------------------------
<end of output>
Test time =   0.06 sec
----------------------------------------------------------
Test Passed.
"t_strm_reassem_dup" end time: Sep 23 15:33 CST
"t_strm_reassem_dup" time elapsed: 00:00:00
----------------------------------------------------------

21/164 Testing: t_strm_reassem_holes
21/164 Test: t_strm_reassem_holes
Command: "/home/bolee/cs144/sponge/Debug/tests/fsm_stream_reassembler_holes"
Directory: /home/bolee/cs144/sponge/Debug
"t_strm_reassem_holes" start time: Sep 23 15:33 CST
Output:
----------------------------------------------------------
<end of output>
Test time =   0.01 sec
----------------------------------------------------------
Test Passed.
"t_strm_reassem_holes" end time: Sep 23 15:33 CST
"t_strm_reassem_holes" time elapsed: 00:00:00
----------------------------------------------------------

22/164 Testing: t_strm_reassem_many
22/164 Test: t_strm_reassem_many
Command: "/home/bolee/cs144/sponge/Debug/tests/fsm_stream_reassembler_many"
Directory: /home/bolee/cs144/sponge/Debug
"t_strm_reassem_many" start time: Sep 23 15:33 CST
Output:
----------------------------------------------------------
<end of output>
Test time =   0.45 sec
----------------------------------------------------------
Test Passed.
"t_strm_reassem_many" end time: Sep 23 15:33 CST
"t_strm_reassem_many" time elapsed: 00:00:00
----------------------------------------------------------

23/164 Testing: t_strm_reassem_overlapping
23/164 Test: t_strm_reassem_overlapping
Command: "/home/bolee/cs144/sponge/Debug/tests/fsm_stream_reassembler_overlapping"
Directory: /home/bolee/cs144/sponge/Debug
"t_strm_reassem_overlapping" start time: Sep 23 15:33 CST
Output:
----------------------------------------------------------
<end of output>
Test time =   0.01 sec
----------------------------------------------------------
Test Passed.
"t_strm_reassem_overlapping" end time: Sep 23 15:33 CST
"t_strm_reassem_overlapping" time elapsed: 00:00:00
----------------------------------------------------------

24/164 Testing: t_strm_reassem_win
24/164 Test: t_strm_reassem_win
Command: "/home/bolee/cs144/sponge/Debug/tests/fsm_stream_reassembler_win"
Directory: /home/bolee/cs144/sponge/Debug
"t_strm_reassem_win" start time: Sep 23 15:33 CST
Output:
----------------------------------------------------------
<end of output>
Test time =   0.56 sec
----------------------------------------------------------
Test Passed.
"t_strm_reassem_win" end time: Sep 23 15:33 CST
"t_strm_reassem_win" time elapsed: 00:00:00
----------------------------------------------------------

25/164 Testing: t_strm_reassem_cap
25/164 Test: t_strm_reassem_cap
Command: "/home/bolee/cs144/sponge/Debug/tests/fsm_stream_reassembler_cap"
Directory: /home/bolee/cs144/sponge/Debug
"t_strm_reassem_cap" start time: Sep 23 15:33 CST
Output:
----------------------------------------------------------
<end of output>
Test time =   1.02 sec
----------------------------------------------------------
Test Passed.
"t_strm_reassem_cap" end time: Sep 23 15:33 CST
"t_strm_reassem_cap" time elapsed: 00:00:01
----------------------------------------------------------

26/164 Testing: t_byte_stream_construction
26/164 Test: t_byte_stream_construction
Command: "/home/bolee/cs144/sponge/Debug/tests/byte_stream_construction"
Directory: /home/bolee/cs144/sponge/Debug
"t_byte_stream_construction" start time: Sep 23 15:33 CST
Output:
----------------------------------------------------------
<end of output>
Test time =   0.01 sec
----------------------------------------------------------
Test Passed.
"t_byte_stream_construction" end time: Sep 23 15:33 CST
"t_byte_stream_construction" time elapsed: 00:00:00
----------------------------------------------------------

27/164 Testing: t_byte_stream_one_write
27/164 Test: t_byte_stream_one_write
Command: "/home/bolee/cs144/sponge/Debug/tests/byte_stream_one_write"
Directory: /home/bolee/cs144/sponge/Debug
"t_byte_stream_one_write" start time: Sep 23 15:33 CST
Output:
----------------------------------------------------------
<end of output>
Test time =   0.01 sec
----------------------------------------------------------
Test Passed.
"t_byte_stream_one_write" end time: Sep 23 15:33 CST
"t_byte_stream_one_write" time elapsed: 00:00:00
----------------------------------------------------------

28/164 Testing: t_byte_stream_two_writes
28/164 Test: t_byte_stream_two_writes
Command: "/home/bolee/cs144/sponge/Debug/tests/byte_stream_two_writes"
Directory: /home/bolee/cs144/sponge/Debug
"t_byte_stream_two_writes" start time: Sep 23 15:33 CST
Output:
----------------------------------------------------------
<end of output>
Test time =   0.01 sec
----------------------------------------------------------
Test Passed.
"t_byte_stream_two_writes" end time: Sep 23 15:33 CST
"t_byte_stream_two_writes" time elapsed: 00:00:00
----------------------------------------------------------

29/164 Testing: t_byte_stream_capacity
29/164 Test: t_byte_stream_capacity
Command: "/home/bolee/cs144/sponge/Debug/tests/byte_stream_capacity"
Directory: /home/bolee/cs144/sponge/Debug
"t_byte_stream_capacity" start time: Sep 23 15:33 CST
Output:
----------------------------------------------------------
<end of output>
Test time =   3.27 sec
----------------------------------------------------------
Test Passed.
"t_byte_stream_capacity" end time: Sep 23 15:34 CST
"t_byte_stream_capacity" time elapsed: 00:00:03
----------------------------------------------------------

30/164 Testing: t_byte_stream_many_writes
30/164 Test: t_byte_stream_many_writes
Command: "/home/bolee/cs144/sponge/Debug/tests/byte_stream_many_writes"
Directory: /home/bolee/cs144/sponge/Debug
"t_byte_stream_many_writes" start time: Sep 23 15:34 CST
Output:
----------------------------------------------------------
<end of output>
Test time =   0.03 sec
----------------------------------------------------------
Test Passed.
"t_byte_stream_many_writes" end time: Sep 23 15:34 CST
"t_byte_stream_many_writes" time elapsed: 00:00:00
----------------------------------------------------------

31/164 Testing: t_webget
31/164 Test: t_webget
Command: "/home/bolee/cs144/sponge/tests/webget_t.sh"
Directory: /home/bolee/cs144/sponge/Debug
"t_webget" start time: Sep 23 15:34 CST
Output:
----------------------------------------------------------
HTTP/1.1 200 OK
Content-type: text/plain

7SmXqWkrLKzVBCEalbSPqBcvs11Pw263K7x4Wv3JckI
<end of output>
Test time =   1.42 sec
----------------------------------------------------------
Test Passed.
"t_webget" end time: Sep 23 15:34 CST
"t_webget" time elapsed: 00:00:01
----------------------------------------------------------

34/164 Testing: t_tcp_parser
34/164 Test: t_tcp_parser
Command: "/home/bolee/cs144/sponge/Debug/tests/tcp_parser" "/home/bolee/cs144/sponge/tests/ipv4_parser.data"
Directory: /home/bolee/cs144/sponge/Debug
"t_tcp_parser" start time: Sep 23 15:34 CST
Output:
----------------------------------------------------------
<end of output>
Test time =   0.07 sec
----------------------------------------------------------
Test Passed.
"t_tcp_parser" end time: Sep 23 15:34 CST
"t_tcp_parser" time elapsed: 00:00:00
----------------------------------------------------------

35/164 Testing: t_ipv4_parser
35/164 Test: t_ipv4_parser
Command: "/home/bolee/cs144/sponge/Debug/tests/ipv4_parser" "/home/bolee/cs144/sponge/tests/ipv4_parser.data"
Directory: /home/bolee/cs144/sponge/Debug
"t_ipv4_parser" start time: Sep 23 15:34 CST
Output:
----------------------------------------------------------
<end of output>
Test time =   0.03 sec
----------------------------------------------------------
Test Passed.
"t_ipv4_parser" end time: Sep 23 15:34 CST
"t_ipv4_parser" time elapsed: 00:00:00
----------------------------------------------------------

36/164 Testing: t_active_close
36/164 Test: t_active_close
Command: "/home/bolee/cs144/sponge/Debug/tests/fsm_active_close"
Directory: /home/bolee/cs144/sponge/Debug
"t_active_close" start time: Sep 23 15:34 CST
Output:
----------------------------------------------------------
Test Failure on expectation:
	Expectation: exactly one segment sent with (A=0,R=0,S=1,F=0,seqno=0,payload_size=0,)

Failure message:
	The TCP should have produced a segment that existed, but it did not

List of steps that executed successfully:
	Action:      connect

The TCP should have produced a segment that existed, but it did not
<end of output>
Test time =   0.01 sec
----------------------------------------------------------
Test Failed.
"t_active_close" end time: Sep 23 15:34 CST
"t_active_close" time elapsed: 00:00:00
----------------------------------------------------------

37/164 Testing: t_passive_close
37/164 Test: t_passive_close
Command: "/home/bolee/cs144/sponge/Debug/tests/fsm_passive_close"
Directory: /home/bolee/cs144/sponge/Debug
"t_passive_close" start time: Sep 23 15:34 CST
Output:
----------------------------------------------------------
Test Failure on expectation:
	Expectation: exactly one segment sent with (A=0,R=0,S=1,F=0,seqno=0,payload_size=0,)

Failure message:
	The TCP should have produced a segment that existed, but it did not

List of steps that executed successfully:
	Action:      connect

The TCP should have produced a segment that existed, but it did not
<end of output>
Test time =   0.02 sec
----------------------------------------------------------
Test Failed.
"t_passive_close" end time: Sep 23 15:34 CST
"t_passive_close" time elapsed: 00:00:00
----------------------------------------------------------

38/164 Testing: t_ack_rst
38/164 Test: t_ack_rst
Command: "/home/bolee/cs144/sponge/Debug/tests/fsm_ack_rst_relaxed"
Directory: /home/bolee/cs144/sponge/Debug
"t_ack_rst" start time: Sep 23 15:34 CST
Output:
----------------------------------------------------------
Test 1
Test Failure on expectation:
	Expectation: exactly one segment sent with (A=0,R=0,S=1,F=0,seqno=2147483647,payload_size=0,)

Failure message:
	The TCP should have produced a segment that existed, but it did not

List of steps that executed successfully:
	Action:      connect

The TCP should have produced a segment that existed, but it did not
<end of output>
Test time =   0.01 sec
----------------------------------------------------------
Test Failed.
"t_ack_rst" end time: Sep 23 15:34 CST
"t_ack_rst" time elapsed: 00:00:00
----------------------------------------------------------

39/164 Testing: t_ack_rst_win
39/164 Test: t_ack_rst_win
Command: "/home/bolee/cs144/sponge/Debug/tests/fsm_ack_rst_win_relaxed"
Directory: /home/bolee/cs144/sponge/Debug
"t_ack_rst_win" start time: Sep 23 15:34 CST
Output:
----------------------------------------------------------
Test Failure on expectation:
	Expectation: exactly one segment sent with (A=0,R=0,S=1,F=0,seqno=2147483647,payload_size=0,)

Failure message:
	The TCP should have produced a segment that existed, but it did not

List of steps that executed successfully:
	Action:      connect

The TCP should have produced a segment that existed, but it did not
<end of output>
Test time =   0.01 sec
----------------------------------------------------------
Test Failed.
"t_ack_rst_win" end time: Sep 23 15:34 CST
"t_ack_rst_win" time elapsed: 00:00:00
----------------------------------------------------------

40/164 Testing: t_connect
40/164 Test: t_connect
Command: "/home/bolee/cs144/sponge/Debug/tests/fsm_connect_relaxed"
Directory: /home/bolee/cs144/sponge/Debug
"t_connect" start time: Sep 23 15:34 CST
Output:
----------------------------------------------------------
Test Failure on expectation:
	exactly one segment sent with (A=0,S=1,)
Failure message:
	The TCP should have produced a segment that existed, but it did not

List of steps that executed successfully:
	Action:      connect
	Action:      1ms pass

Note:
	test 1 failed: could not parse SYN segment or invalid flags

The TCP should have produced a segment that existed, but it did not
<end of output>
Test time =   0.02 sec
----------------------------------------------------------
Test Failed.
"t_connect" end time: Sep 23 15:34 CST
"t_connect" time elapsed: 00:00:00
----------------------------------------------------------

41/164 Testing: t_listen
41/164 Test: t_listen
Command: "/home/bolee/cs144/sponge/Debug/tests/fsm_listen_relaxed"
Directory: /home/bolee/cs144/sponge/Debug
"t_listen" start time: Sep 23 15:34 CST
Output:
----------------------------------------------------------
Test Failure on expectation:
	Expectation: TCP in state sender=`waiting for stream to begin (no SYN sent)`, receiver=`waiting for SYN: ackno is empty`, active=1, linger_after_streams_finish=1

Failure message:
	The TCP was in state `sender=`waiting for stream to begin (no SYN sent)`, receiver=`waiting for SYN: ackno is empty`, active=0, linger_after_streams_finish=0`, but it was expected to be in state `sender=`waiting for stream to begin (no SYN sent)`, receiver=`waiting for SYN: ackno is empty`, active=1, linger_after_streams_finish=1`

List of steps that executed successfully:
	Action:      listen

The TCP was in state `sender=`waiting for stream to begin (no SYN sent)`, receiver=`waiting for SYN: ackno is empty`, active=0, linger_after_streams_finish=0`, but it was expected to be in state `sender=`waiting for stream to begin (no SYN sent)`, receiver=`waiting for SYN: ackno is empty`, active=1, linger_after_streams_finish=1`
<end of output>
Test time =   0.02 sec
----------------------------------------------------------
Test Failed.
"t_listen" end time: Sep 23 15:34 CST
"t_listen" time elapsed: 00:00:00
----------------------------------------------------------

42/164 Testing: t_winsize
42/164 Test: t_winsize
Command: "/home/bolee/cs144/sponge/Debug/tests/fsm_winsize"
Directory: /home/bolee/cs144/sponge/Debug
"t_winsize" start time: Sep 23 15:34 CST
Output:
----------------------------------------------------------
Test Failure on expectation:
	exactly one segment sent with (A=1,ackno=2392509704,win=30553,)
Failure message:
	The TCP should have produced a segment that existed, but it did not

List of steps that executed successfully:
	Action:      listen
	Action:      packet arrives: Header(flags=S,seqno=2392509703,ack=0,win=137) with no payload

Note:
	test 1 failed: SYN/ACK invalid

The TCP should have produced a segment that existed, but it did not
<end of output>
Test time =   0.02 sec
----------------------------------------------------------
Test Failed.
"t_winsize" end time: Sep 23 15:34 CST
"t_winsize" time elapsed: 00:00:00
----------------------------------------------------------

43/164 Testing: t_retx
43/164 Test: t_retx
Command: "/home/bolee/cs144/sponge/Debug/tests/fsm_retx_relaxed"
Directory: /home/bolee/cs144/sponge/Debug
"t_retx" start time: Sep 23 15:34 CST
Output:
----------------------------------------------------------
Test Failure on expectation:
	Expectation: exactly one segment sent with (A=0,R=0,S=1,F=0,seqno=2390384193,payload_size=0,)

Failure message:
	The TCP should have produced a segment that existed, but it did not

List of steps that executed successfully:
	Action:      connect

The TCP should have produced a segment that existed, but it did not
<end of output>
Test time =   0.01 sec
----------------------------------------------------------
Test Failed.
"t_retx" end time: Sep 23 15:34 CST
"t_retx" time elapsed: 00:00:00
----------------------------------------------------------

44/164 Testing: t_retx_win
44/164 Test: t_retx_win
Command: "/home/bolee/cs144/sponge/Debug/tests/fsm_retx_win"
Directory: /home/bolee/cs144/sponge/Debug
"t_retx_win" start time: Sep 23 15:34 CST
Output:
----------------------------------------------------------
Test Failure on expectation:
	Expectation: exactly one segment sent with (A=0,R=0,S=1,F=0,seqno=1983129183,payload_size=0,)

Failure message:
	The TCP should have produced a segment that existed, but it did not

List of steps that executed successfully:
	Action:      connect

The TCP should have produced a segment that existed, but it did not
<end of output>
Test time =   0.02 sec
----------------------------------------------------------
Test Failed.
"t_retx_win" end time: Sep 23 15:34 CST
"t_retx_win" time elapsed: 00:00:00
----------------------------------------------------------

45/164 Testing: t_loopback
45/164 Test: t_loopback
Command: "/home/bolee/cs144/sponge/Debug/tests/fsm_loopback"
Directory: /home/bolee/cs144/sponge/Debug
"t_loopback" start time: Sep 23 15:34 CST
Output:
----------------------------------------------------------
Test Failure on expectation:
	Expectation: exactly one segment sent with (A=0,R=0,S=1,F=0,seqno=4017602332,payload_size=0,)

Failure message:
	The TCP should have produced a segment that existed, but it did not

List of steps that executed successfully:
	Action:      connect

The TCP should have produced a segment that existed, but it did not
<end of output>
Test time =   0.01 sec
----------------------------------------------------------
Test Failed.
"t_loopback" end time: Sep 23 15:34 CST
"t_loopback" time elapsed: 00:00:00
----------------------------------------------------------

46/164 Testing: t_loopback_win
46/164 Test: t_loopback_win
Command: "/home/bolee/cs144/sponge/Debug/tests/fsm_loopback_win"
Directory: /home/bolee/cs144/sponge/Debug
"t_loopback_win" start time: Sep 23 15:34 CST
Output:
----------------------------------------------------------
Test Failure on expectation:
	Expectation: exactly one segment sent with (A=0,R=0,S=1,F=0,seqno=3272823677,payload_size=0,)

Failure message:
	The TCP should have produced a segment that existed, but it did not

List of steps that executed successfully:
	Action:      connect

The TCP should have produced a segment that existed, but it did not
<end of output>
Test time =   0.01 sec
----------------------------------------------------------
Test Failed.
"t_loopback_win" end time: Sep 23 15:34 CST
"t_loopback_win" time elapsed: 00:00:00
----------------------------------------------------------

47/164 Testing: t_reorder
47/164 Test: t_reorder
Command: "/home/bolee/cs144/sponge/Debug/tests/fsm_reorder"
Directory: /home/bolee/cs144/sponge/Debug
"t_reorder" start time: Sep 23 15:34 CST
Output:
----------------------------------------------------------
Test Failure on expectation:
	Expectation: exactly one segment sent with (A=0,R=0,S=1,F=0,seqno=4158280814,payload_size=0,)

Failure message:
	The TCP should have produced a segment that existed, but it did not

List of steps that executed successfully:
	Action:      connect

The TCP should have produced a segment that existed, but it did not
<end of output>
Test time =   0.01 sec
----------------------------------------------------------
Test Failed.
"t_reorder" end time: Sep 23 15:34 CST
"t_reorder" time elapsed: 00:00:00
----------------------------------------------------------

48/164 Testing: t_address_dt
48/164 Test: t_address_dt
Command: "/home/bolee/cs144/sponge/Debug/doctests/address_dt"
Directory: /home/bolee/cs144/sponge/Debug
"t_address_dt" start time: Sep 23 15:34 CST
Output:
----------------------------------------------------------
<end of output>
Test time =   0.03 sec
----------------------------------------------------------
Test Passed.
"t_address_dt" end time: Sep 23 15:34 CST
"t_address_dt" time elapsed: 00:00:00
----------------------------------------------------------

49/164 Testing: t_parser_dt
49/164 Test: t_parser_dt
Command: "/home/bolee/cs144/sponge/Debug/doctests/parser_dt"
Directory: /home/bolee/cs144/sponge/Debug
"t_parser_dt" start time: Sep 23 15:34 CST
Output:
----------------------------------------------------------
<end of output>
Test time =   0.01 sec
----------------------------------------------------------
Test Passed.
"t_parser_dt" end time: Sep 23 15:34 CST
"t_parser_dt" time elapsed: 00:00:00
----------------------------------------------------------

50/164 Testing: t_socket_dt
50/164 Test: t_socket_dt
Command: "/home/bolee/cs144/sponge/Debug/doctests/socket_dt"
Directory: /home/bolee/cs144/sponge/Debug
"t_socket_dt" start time: Sep 23 15:34 CST
Output:
----------------------------------------------------------
<end of output>
Test time =   0.03 sec
----------------------------------------------------------
Test Passed.
"t_socket_dt" end time: Sep 23 15:34 CST
"t_socket_dt" time elapsed: 00:00:00
----------------------------------------------------------

51/164 Testing: t_udp_client_send
51/164 Test: t_udp_client_send
Command: "/home/bolee/cs144/sponge/txrx.sh" "-ucS"
Directory: /home/bolee/cs144/sponge/Debug
"t_udp_client_send" start time: Sep 23 15:34 CST
Output:
----------------------------------------------------------
DEBUG: Listening for incoming connection... new connection from 0.0.0.0:0.
DEBUG: TCP connection finished cleanly.
DEBUG: Waiting for clean shutdown... done.
Error in _rt_listen
<end of output>
Test time =   0.35 sec
----------------------------------------------------------
Test Failed.
"t_udp_client_send" end time: Sep 23 15:34 CST
"t_udp_client_send" time elapsed: 00:00:00
----------------------------------------------------------

52/164 Testing: t_udp_server_send
52/164 Test: t_udp_server_send
Command: "/home/bolee/cs144/sponge/txrx.sh" "-usS"
Directory: /home/bolee/cs144/sponge/Debug
"t_udp_server_send" start time: Sep 23 15:34 CST
Output:
----------------------------------------------------------
DEBUG: Listening for incoming connection... new connection from 0.0.0.0:0.
DEBUG: TCP connection finished cleanly.
DEBUG: Waiting for clean shutdown... done.
Error in _rt_listen
<end of output>
Test time =   0.19 sec
----------------------------------------------------------
Test Failed.
"t_udp_server_send" end time: Sep 23 15:34 CST
"t_udp_server_send" time elapsed: 00:00:00
----------------------------------------------------------

53/164 Testing: t_udp_client_recv
53/164 Test: t_udp_client_recv
Command: "/home/bolee/cs144/sponge/txrx.sh" "-ucR"
Directory: /home/bolee/cs144/sponge/Debug
"t_udp_client_recv" start time: Sep 23 15:34 CST
Output:
----------------------------------------------------------
DEBUG: Listening for incoming connection... new connection from 0.0.0.0:0.
DEBUG: TCP connection finished cleanly.
Error in _rt_listen
<end of output>
Test time =   0.20 sec
----------------------------------------------------------
Test Failed.
"t_udp_client_recv" end time: Sep 23 15:34 CST
"t_udp_client_recv" time elapsed: 00:00:00
----------------------------------------------------------

54/164 Testing: t_udp_server_recv
54/164 Test: t_udp_server_recv
Command: "/home/bolee/cs144/sponge/txrx.sh" "-usR"
Directory: /home/bolee/cs144/sponge/Debug
"t_udp_server_recv" start time: Sep 23 15:34 CST
Output:
----------------------------------------------------------
DEBUG: Listening for incoming connection... new connection from 0.0.0.0:0.
DEBUG: TCP connection finished cleanly.
DEBUG: Waiting for clean shutdown... done.
Error in _rt_listen
<end of output>
Test time =   0.20 sec
----------------------------------------------------------
Test Failed.
"t_udp_server_recv" end time: Sep 23 15:34 CST
"t_udp_server_recv" time elapsed: 00:00:00
----------------------------------------------------------

55/164 Testing: t_udp_client_dupl
55/164 Test: t_udp_client_dupl
Command: "/home/bolee/cs144/sponge/txrx.sh" "-ucD"
Directory: /home/bolee/cs144/sponge/Debug
"t_udp_client_dupl" start time: Sep 23 15:34 CST
Output:
----------------------------------------------------------
DEBUG: Listening for incoming connection... new connection from 0.0.0.0:0.
DEBUG: TCP connection finished cleanly.
Error in _rt_listen
<end of output>
Test time =   0.21 sec
----------------------------------------------------------
Test Failed.
"t_udp_client_dupl" end time: Sep 23 15:34 CST
"t_udp_client_dupl" time elapsed: 00:00:00
----------------------------------------------------------

56/164 Testing: t_udp_server_dupl
56/164 Test: t_udp_server_dupl
Command: "/home/bolee/cs144/sponge/txrx.sh" "-usD"
Directory: /home/bolee/cs144/sponge/Debug
"t_udp_server_dupl" start time: Sep 23 15:34 CST
Output:
----------------------------------------------------------
DEBUG: Listening for incoming connection... new connection from 0.0.0.0:0.
DEBUG: TCP connection finished cleanly.
Error in _rt_listen
<end of output>
Test time =   0.21 sec
----------------------------------------------------------
Test Failed.
"t_udp_server_dupl" end time: Sep 23 15:34 CST
"t_udp_server_dupl" time elapsed: 00:00:00
----------------------------------------------------------

57/164 Testing: t_ucS_1M_32k
57/164 Test: t_ucS_1M_32k
Command: "/home/bolee/cs144/sponge/txrx.sh" "-ucSd" "1M" "-w" "32K"
Directory: /home/bolee/cs144/sponge/Debug
"t_ucS_1M_32k" start time: Sep 23 15:34 CST
Output:
----------------------------------------------------------
DEBUG: Listening for incoming connection... new connection from 0.0.0.0:0.
DEBUG: TCP connection finished cleanly.
DEBUG: Waiting for clean shutdown... done.
Error in _rt_listen
<end of output>
Test time =   0.28 sec
----------------------------------------------------------
Test Failed.
"t_ucS_1M_32k" end time: Sep 23 15:34 CST
"t_ucS_1M_32k" time elapsed: 00:00:00
----------------------------------------------------------

58/164 Testing: t_ucS_128K_8K
58/164 Test: t_ucS_128K_8K
Command: "/home/bolee/cs144/sponge/txrx.sh" "-ucSd" "128K" "-w" "8K"
Directory: /home/bolee/cs144/sponge/Debug
"t_ucS_128K_8K" start time: Sep 23 15:34 CST
Output:
----------------------------------------------------------
DEBUG: Listening for incoming connection... new connection from 0.0.0.0:0.
DEBUG: TCP connection finished cleanly.
DEBUG: Waiting for clean shutdown... done.
Error in _rt_listen
<end of output>
Test time =   0.20 sec
----------------------------------------------------------
Test Failed.
"t_ucS_128K_8K" end time: Sep 23 15:34 CST
"t_ucS_128K_8K" time elapsed: 00:00:00
----------------------------------------------------------

59/164 Testing: t_ucS_16_1
59/164 Test: t_ucS_16_1
Command: "/home/bolee/cs144/sponge/txrx.sh" "-ucSd" "16" "-w" "1"
Directory: /home/bolee/cs144/sponge/Debug
"t_ucS_16_1" start time: Sep 23 15:34 CST
Output:
----------------------------------------------------------
DEBUG: Listening for incoming connection... new connection from 0.0.0.0:0.
DEBUG: TCP connection finished cleanly.
DEBUG: Waiting for clean shutdown... done.
Error in _rt_listen
<end of output>
Test time =   0.20 sec
----------------------------------------------------------
Test Failed.
"t_ucS_16_1" end time: Sep 23 15:34 CST
"t_ucS_16_1" time elapsed: 00:00:00
----------------------------------------------------------

60/164 Testing: t_ucS_32K_d
60/164 Test: t_ucS_32K_d
Command: "/home/bolee/cs144/sponge/txrx.sh" "-ucSd" "32K"
Directory: /home/bolee/cs144/sponge/Debug
"t_ucS_32K_d" start time: Sep 23 15:34 CST
Output:
----------------------------------------------------------
DEBUG: Listening for incoming connection... new connection from 0.0.0.0:0.
DEBUG: TCP connection finished cleanly.
DEBUG: Waiting for clean shutdown... done.
Error in _rt_listen
<end of output>
Test time =   0.21 sec
----------------------------------------------------------
Test Failed.
"t_ucS_32K_d" end time: Sep 23 15:34 CST
"t_ucS_32K_d" time elapsed: 00:00:00
----------------------------------------------------------

61/164 Testing: t_ucR_1M_32k
61/164 Test: t_ucR_1M_32k
Command: "/home/bolee/cs144/sponge/txrx.sh" "-ucRd" "1M" "-w" "32K"
Directory: /home/bolee/cs144/sponge/Debug
"t_ucR_1M_32k" start time: Sep 23 15:34 CST
Output:
----------------------------------------------------------
DEBUG: Listening for incoming connection... new connection from 0.0.0.0:0.
DEBUG: TCP connection finished cleanly.
Error in _rt_listen
<end of output>
Test time =   0.26 sec
----------------------------------------------------------
Test Failed.
"t_ucR_1M_32k" end time: Sep 23 15:34 CST
"t_ucR_1M_32k" time elapsed: 00:00:00
----------------------------------------------------------

62/164 Testing: t_ucR_128K_8K
62/164 Test: t_ucR_128K_8K
Command: "/home/bolee/cs144/sponge/txrx.sh" "-ucRd" "128K" "-w" "8K"
Directory: /home/bolee/cs144/sponge/Debug
"t_ucR_128K_8K" start time: Sep 23 15:34 CST
Output:
----------------------------------------------------------
DEBUG: Listening for incoming connection... new connection from 0.0.0.0:0.
DEBUG: TCP connection finished cleanly.
Error in _rt_listen
<end of output>
Test time =   0.21 sec
----------------------------------------------------------
Test Failed.
"t_ucR_128K_8K" end time: Sep 23 15:34 CST
"t_ucR_128K_8K" time elapsed: 00:00:00
----------------------------------------------------------

63/164 Testing: t_ucR_16_1
63/164 Test: t_ucR_16_1
Command: "/home/bolee/cs144/sponge/txrx.sh" "-ucRd" "16" "-w" "1"
Directory: /home/bolee/cs144/sponge/Debug
"t_ucR_16_1" start time: Sep 23 15:34 CST
Output:
----------------------------------------------------------
DEBUG: Listening for incoming connection... new connection from 0.0.0.0:0.
DEBUG: TCP connection finished cleanly.
Error in _rt_listen
<end of output>
Test time =   0.20 sec
----------------------------------------------------------
Test Failed.
"t_ucR_16_1" end time: Sep 23 15:34 CST
"t_ucR_16_1" time elapsed: 00:00:00
----------------------------------------------------------

64/164 Testing: t_ucR_32K_d
64/164 Test: t_ucR_32K_d
Command: "/home/bolee/cs144/sponge/txrx.sh" "-ucRd" "32K"
Directory: /home/bolee/cs144/sponge/Debug
"t_ucR_32K_d" start time: Sep 23 15:34 CST
Output:
----------------------------------------------------------
DEBUG: Listening for incoming connection... new connection from 0.0.0.0:0.
DEBUG: TCP connection finished cleanly.
Error in _rt_listen
<end of output>
Test time =   0.20 sec
----------------------------------------------------------
Test Failed.
"t_ucR_32K_d" end time: Sep 23 15:34 CST
"t_ucR_32K_d" time elapsed: 00:00:00
----------------------------------------------------------

65/164 Testing: t_ucD_1M_32k
65/164 Test: t_ucD_1M_32k
Command: "/home/bolee/cs144/sponge/txrx.sh" "-ucDd" "1M" "-w" "32K"
Directory: /home/bolee/cs144/sponge/Debug
"t_ucD_1M_32k" start time: Sep 23 15:34 CST
Output:
----------------------------------------------------------
DEBUG: Listening for incoming connection... new connection from 0.0.0.0:0.
DEBUG: TCP connection finished cleanly.
Error in _rt_listen
<end of output>
Test time =   0.26 sec
----------------------------------------------------------
Test Failed.
"t_ucD_1M_32k" end time: Sep 23 15:34 CST
"t_ucD_1M_32k" time elapsed: 00:00:00
----------------------------------------------------------

66/164 Testing: t_ucD_128K_8K
66/164 Test: t_ucD_128K_8K
Command: "/home/bolee/cs144/sponge/txrx.sh" "-ucDd" "128K" "-w" "8K"
Directory: /home/bolee/cs144/sponge/Debug
"t_ucD_128K_8K" start time: Sep 23 15:34 CST
Output:
----------------------------------------------------------
DEBUG: Listening for incoming connection... new connection from 0.0.0.0:0.
DEBUG: TCP connection finished cleanly.
Error in _rt_listen
<end of output>
Test time =   0.21 sec
----------------------------------------------------------
Test Failed.
"t_ucD_128K_8K" end time: Sep 23 15:34 CST
"t_ucD_128K_8K" time elapsed: 00:00:00
----------------------------------------------------------

67/164 Testing: t_ucD_16_1
67/164 Test: t_ucD_16_1
Command: "/home/bolee/cs144/sponge/txrx.sh" "-ucDd" "16" "-w" "1"
Directory: /home/bolee/cs144/sponge/Debug
"t_ucD_16_1" start time: Sep 23 15:34 CST
Output:
----------------------------------------------------------
DEBUG: Listening for incoming connection... new connection from 0.0.0.0:0.
DEBUG: TCP connection finished cleanly.
Error in _rt_listen
<end of output>
Test time =   0.21 sec
----------------------------------------------------------
Test Failed.
"t_ucD_16_1" end time: Sep 23 15:34 CST
"t_ucD_16_1" time elapsed: 00:00:00
----------------------------------------------------------

68/164 Testing: t_ucD_32K_d
68/164 Test: t_ucD_32K_d
Command: "/home/bolee/cs144/sponge/txrx.sh" "-ucDd" "32K"
Directory: /home/bolee/cs144/sponge/Debug
"t_ucD_32K_d" start time: Sep 23 15:34 CST
Output:
----------------------------------------------------------
DEBUG: Listening for incoming connection... new connection from 0.0.0.0:0.
DEBUG: TCP connection finished cleanly.
Error in _rt_listen
<end of output>
Test time =   0.21 sec
----------------------------------------------------------
Test Failed.
"t_ucD_32K_d" end time: Sep 23 15:34 CST
"t_ucD_32K_d" time elapsed: 00:00:00
----------------------------------------------------------

69/164 Testing: t_usS_1M_32k
69/164 Test: t_usS_1M_32k
Command: "/home/bolee/cs144/sponge/txrx.sh" "-usSd" "1M" "-w" "32K"
Directory: /home/bolee/cs144/sponge/Debug
"t_usS_1M_32k" start time: Sep 23 15:34 CST
Output:
----------------------------------------------------------
DEBUG: Listening for incoming connection... new connection from 0.0.0.0:0.
DEBUG: TCP connection finished cleanly.
Error in _rt_listen
<end of output>
Test time =   0.26 sec
----------------------------------------------------------
Test Failed.
"t_usS_1M_32k" end time: Sep 23 15:34 CST
"t_usS_1M_32k" time elapsed: 00:00:00
----------------------------------------------------------

70/164 Testing: t_usS_128K_8K
70/164 Test: t_usS_128K_8K
Command: "/home/bolee/cs144/sponge/txrx.sh" "-usSd" "128K" "-w" "8K"
Directory: /home/bolee/cs144/sponge/Debug
"t_usS_128K_8K" start time: Sep 23 15:34 CST
Output:
----------------------------------------------------------
DEBUG: Listening for incoming connection... new connection from 0.0.0.0:0.
DEBUG: TCP connection finished cleanly.
Error in _rt_listen
<end of output>
Test time =   0.21 sec
----------------------------------------------------------
Test Failed.
"t_usS_128K_8K" end time: Sep 23 15:34 CST
"t_usS_128K_8K" time elapsed: 00:00:00
----------------------------------------------------------

71/164 Testing: t_usS_16_1
71/164 Test: t_usS_16_1
Command: "/home/bolee/cs144/sponge/txrx.sh" "-usSd" "16" "-w" "1"
Directory: /home/bolee/cs144/sponge/Debug
"t_usS_16_1" start time: Sep 23 15:34 CST
Output:
----------------------------------------------------------
DEBUG: Listening for incoming connection... new connection from 0.0.0.0:0.
DEBUG: TCP connection finished cleanly.
Error in _rt_listen
<end of output>
Test time =   0.20 sec
----------------------------------------------------------
Test Failed.
"t_usS_16_1" end time: Sep 23 15:34 CST
"t_usS_16_1" time elapsed: 00:00:00
----------------------------------------------------------

72/164 Testing: t_usS_32K_d
72/164 Test: t_usS_32K_d
Command: "/home/bolee/cs144/sponge/txrx.sh" "-usSd" "32K"
Directory: /home/bolee/cs144/sponge/Debug
"t_usS_32K_d" start time: Sep 23 15:34 CST
Output:
----------------------------------------------------------
DEBUG: Listening for incoming connection... new connection from 0.0.0.0:0.
DEBUG: TCP connection finished cleanly.
Error in _rt_listen
<end of output>
Test time =   0.20 sec
----------------------------------------------------------
Test Failed.
"t_usS_32K_d" end time: Sep 23 15:34 CST
"t_usS_32K_d" time elapsed: 00:00:00
----------------------------------------------------------

73/164 Testing: t_usR_1M_32k
73/164 Test: t_usR_1M_32k
Command: "/home/bolee/cs144/sponge/txrx.sh" "-usRd" "1M" "-w" "32K"
Directory: /home/bolee/cs144/sponge/Debug
"t_usR_1M_32k" start time: Sep 23 15:34 CST
Output:
----------------------------------------------------------
DEBUG: Listening for incoming connection... new connection from 0.0.0.0:0.
DEBUG: TCP connection finished cleanly.
DEBUG: Waiting for clean shutdown... done.
Error in _rt_listen
<end of output>
Test time =   0.27 sec
----------------------------------------------------------
Test Failed.
"t_usR_1M_32k" end time: Sep 23 15:34 CST
"t_usR_1M_32k" time elapsed: 00:00:00
----------------------------------------------------------

74/164 Testing: t_usR_128K_8K
74/164 Test: t_usR_128K_8K
Command: "/home/bolee/cs144/sponge/txrx.sh" "-usRd" "128K" "-w" "8K"
Directory: /home/bolee/cs144/sponge/Debug
"t_usR_128K_8K" start time: Sep 23 15:34 CST
Output:
----------------------------------------------------------
DEBUG: Listening for incoming connection... new connection from 0.0.0.0:0.
DEBUG: TCP connection finished cleanly.
DEBUG: Waiting for clean shutdown... done.
Error in _rt_listen
<end of output>
Test time =   0.21 sec
----------------------------------------------------------
Test Failed.
"t_usR_128K_8K" end time: Sep 23 15:34 CST
"t_usR_128K_8K" time elapsed: 00:00:00
----------------------------------------------------------

75/164 Testing: t_usR_16_1
75/164 Test: t_usR_16_1
Command: "/home/bolee/cs144/sponge/txrx.sh" "-usRd" "16" "-w" "1"
Directory: /home/bolee/cs144/sponge/Debug
"t_usR_16_1" start time: Sep 23 15:34 CST
Output:
----------------------------------------------------------
DEBUG: Listening for incoming connection... new connection from 0.0.0.0:0.
DEBUG: TCP connection finished cleanly.
DEBUG: Waiting for clean shutdown... done.
Error in _rt_listen
<end of output>
Test time =   0.20 sec
----------------------------------------------------------
Test Failed.
"t_usR_16_1" end time: Sep 23 15:34 CST
"t_usR_16_1" time elapsed: 00:00:00
----------------------------------------------------------

76/164 Testing: t_usR_32K_d
76/164 Test: t_usR_32K_d
Command: "/home/bolee/cs144/sponge/txrx.sh" "-usRd" "32K"
Directory: /home/bolee/cs144/sponge/Debug
"t_usR_32K_d" start time: Sep 23 15:34 CST
Output:
----------------------------------------------------------
DEBUG: Listening for incoming connection... new connection from 0.0.0.0:0.
DEBUG: TCP connection finished cleanly.
DEBUG: Waiting for clean shutdown... done.
Error in _rt_listen
<end of output>
Test time =   0.20 sec
----------------------------------------------------------
Test Failed.
"t_usR_32K_d" end time: Sep 23 15:34 CST
"t_usR_32K_d" time elapsed: 00:00:00
----------------------------------------------------------

77/164 Testing: t_usD_1M_32k
77/164 Test: t_usD_1M_32k
Command: "/home/bolee/cs144/sponge/txrx.sh" "-usDd" "1M" "-w" "32K"
Directory: /home/bolee/cs144/sponge/Debug
"t_usD_1M_32k" start time: Sep 23 15:34 CST
Output:
----------------------------------------------------------
DEBUG: Listening for incoming connection... new connection from 0.0.0.0:0.
DEBUG: TCP connection finished cleanly.
Error in _rt_listen
<end of output>
Test time =   0.26 sec
----------------------------------------------------------
Test Failed.
"t_usD_1M_32k" end time: Sep 23 15:34 CST
"t_usD_1M_32k" time elapsed: 00:00:00
----------------------------------------------------------

78/164 Testing: t_usD_128K_8K
78/164 Test: t_usD_128K_8K
Command: "/home/bolee/cs144/sponge/txrx.sh" "-usDd" "128K" "-w" "8K"
Directory: /home/bolee/cs144/sponge/Debug
"t_usD_128K_8K" start time: Sep 23 15:34 CST
Output:
----------------------------------------------------------
DEBUG: Listening for incoming connection... new connection from 0.0.0.0:0.
DEBUG: TCP connection finished cleanly.
Error in _rt_listen
<end of output>
Test time =   0.21 sec
----------------------------------------------------------
Test Failed.
"t_usD_128K_8K" end time: Sep 23 15:34 CST
"t_usD_128K_8K" time elapsed: 00:00:00
----------------------------------------------------------

79/164 Testing: t_usD_16_1
79/164 Test: t_usD_16_1
Command: "/home/bolee/cs144/sponge/txrx.sh" "-usDd" "16" "-w" "1"
Directory: /home/bolee/cs144/sponge/Debug
"t_usD_16_1" start time: Sep 23 15:34 CST
Output:
----------------------------------------------------------
DEBUG: Listening for incoming connection... new connection from 0.0.0.0:0.
DEBUG: TCP connection finished cleanly.
Error in _rt_listen
<end of output>
Test time =   0.22 sec
----------------------------------------------------------
Test Failed.
"t_usD_16_1" end time: Sep 23 15:34 CST
"t_usD_16_1" time elapsed: 00:00:00
----------------------------------------------------------

80/164 Testing: t_usD_32K_d
80/164 Test: t_usD_32K_d
Command: "/home/bolee/cs144/sponge/txrx.sh" "-usDd" "32K"
Directory: /home/bolee/cs144/sponge/Debug
"t_usD_32K_d" start time: Sep 23 15:34 CST
Output:
----------------------------------------------------------
DEBUG: Listening for incoming connection... new connection from 0.0.0.0:0.
DEBUG: TCP connection finished cleanly.
Error in _rt_listen
<end of output>
Test time =   0.22 sec
----------------------------------------------------------
Test Failed.
"t_usD_32K_d" end time: Sep 23 15:34 CST
"t_usD_32K_d" time elapsed: 00:00:00
----------------------------------------------------------

81/164 Testing: t_ucS_128K_8K_l
81/164 Test: t_ucS_128K_8K_l
Command: "/home/bolee/cs144/sponge/txrx.sh" "-ucSd" "128K" "-w" "8K" "-l" "0.1"
Directory: /home/bolee/cs144/sponge/Debug
"t_ucS_128K_8K_l" start time: Sep 23 15:34 CST
Output:
----------------------------------------------------------
DEBUG: Listening for incoming connection... new connection from 0.0.0.0:0.
DEBUG: TCP connection finished cleanly.
DEBUG: Waiting for clean shutdown... done.
Error in _rt_listen
<end of output>
Test time =   0.22 sec
----------------------------------------------------------
Test Failed.
"t_ucS_128K_8K_l" end time: Sep 23 15:34 CST
"t_ucS_128K_8K_l" time elapsed: 00:00:00
----------------------------------------------------------

82/164 Testing: t_ucS_128K_8K_L
82/164 Test: t_ucS_128K_8K_L
Command: "/home/bolee/cs144/sponge/txrx.sh" "-ucSd" "128K" "-w" "8K" "-L" "0.1"
Directory: /home/bolee/cs144/sponge/Debug
"t_ucS_128K_8K_L" start time: Sep 23 15:34 CST
Output:
----------------------------------------------------------
DEBUG: Listening for incoming connection... new connection from 0.0.0.0:0.
DEBUG: TCP connection finished cleanly.
DEBUG: Waiting for clean shutdown... done.
Error in _rt_listen
<end of output>
Test time =   0.21 sec
----------------------------------------------------------
Test Failed.
"t_ucS_128K_8K_L" end time: Sep 23 15:34 CST
"t_ucS_128K_8K_L" time elapsed: 00:00:00
----------------------------------------------------------

83/164 Testing: t_ucS_128K_8K_lL
83/164 Test: t_ucS_128K_8K_lL
Command: "/home/bolee/cs144/sponge/txrx.sh" "-ucSd" "128K" "-w" "8K" "-l" "0.1" "-L" "0.1"
Directory: /home/bolee/cs144/sponge/Debug
"t_ucS_128K_8K_lL" start time: Sep 23 15:34 CST
Output:
----------------------------------------------------------
DEBUG: Listening for incoming connection... new connection from 0.0.0.0:0.
DEBUG: TCP connection finished cleanly.
DEBUG: Waiting for clean shutdown... done.
Error in _rt_listen
<end of output>
Test time =   0.22 sec
----------------------------------------------------------
Test Failed.
"t_ucS_128K_8K_lL" end time: Sep 23 15:34 CST
"t_ucS_128K_8K_lL" time elapsed: 00:00:00
----------------------------------------------------------

84/164 Testing: t_ucR_128K_8K_l
84/164 Test: t_ucR_128K_8K_l
Command: "/home/bolee/cs144/sponge/txrx.sh" "-ucRd" "128K" "-w" "8K" "-l" "0.1"
Directory: /home/bolee/cs144/sponge/Debug
"t_ucR_128K_8K_l" start time: Sep 23 15:34 CST
Output:
----------------------------------------------------------
DEBUG: Listening for incoming connection... new connection from 0.0.0.0:0.
DEBUG: TCP connection finished cleanly.
Error in _rt_listen
<end of output>
Test time =   0.22 sec
----------------------------------------------------------
Test Failed.
"t_ucR_128K_8K_l" end time: Sep 23 15:34 CST
"t_ucR_128K_8K_l" time elapsed: 00:00:00
----------------------------------------------------------

85/164 Testing: t_ucR_128K_8K_L
85/164 Test: t_ucR_128K_8K_L
Command: "/home/bolee/cs144/sponge/txrx.sh" "-ucRd" "128K" "-w" "8K" "-L" "0.1"
Directory: /home/bolee/cs144/sponge/Debug
"t_ucR_128K_8K_L" start time: Sep 23 15:34 CST
Output:
----------------------------------------------------------
DEBUG: Listening for incoming connection... new connection from 0.0.0.0:0.
DEBUG: TCP connection finished cleanly.
Error in _rt_listen
<end of output>
Test time =   0.22 sec
----------------------------------------------------------
Test Failed.
"t_ucR_128K_8K_L" end time: Sep 23 15:34 CST
"t_ucR_128K_8K_L" time elapsed: 00:00:00
----------------------------------------------------------

86/164 Testing: t_ucR_128K_8K_lL
86/164 Test: t_ucR_128K_8K_lL
Command: "/home/bolee/cs144/sponge/txrx.sh" "-ucRd" "128K" "-w" "8K" "-l" "0.1" "-L" "0.1"
Directory: /home/bolee/cs144/sponge/Debug
"t_ucR_128K_8K_lL" start time: Sep 23 15:34 CST
Output:
----------------------------------------------------------
DEBUG: Listening for incoming connection... new connection from 0.0.0.0:0.
DEBUG: TCP connection finished cleanly.
Error in _rt_listen
<end of output>
Test time =   0.23 sec
----------------------------------------------------------
Test Failed.
"t_ucR_128K_8K_lL" end time: Sep 23 15:34 CST
"t_ucR_128K_8K_lL" time elapsed: 00:00:00
----------------------------------------------------------

87/164 Testing: t_ucD_128K_8K_l
87/164 Test: t_ucD_128K_8K_l
Command: "/home/bolee/cs144/sponge/txrx.sh" "-ucDd" "128K" "-w" "8K" "-l" "0.1"
Directory: /home/bolee/cs144/sponge/Debug
"t_ucD_128K_8K_l" start time: Sep 23 15:34 CST
Output:
----------------------------------------------------------
DEBUG: Listening for incoming connection... new connection from 0.0.0.0:0.
DEBUG: TCP connection finished cleanly.
Error in _rt_listen
<end of output>
Test time =   0.22 sec
----------------------------------------------------------
Test Failed.
"t_ucD_128K_8K_l" end time: Sep 23 15:34 CST
"t_ucD_128K_8K_l" time elapsed: 00:00:00
----------------------------------------------------------

88/164 Testing: t_ucD_128K_8K_L
88/164 Test: t_ucD_128K_8K_L
Command: "/home/bolee/cs144/sponge/txrx.sh" "-ucDd" "128K" "-w" "8K" "-L" "0.1"
Directory: /home/bolee/cs144/sponge/Debug
"t_ucD_128K_8K_L" start time: Sep 23 15:34 CST
Output:
----------------------------------------------------------
DEBUG: Listening for incoming connection... new connection from 0.0.0.0:0.
DEBUG: TCP connection finished cleanly.
Error in _rt_listen
<end of output>
Test time =   0.23 sec
----------------------------------------------------------
Test Failed.
"t_ucD_128K_8K_L" end time: Sep 23 15:34 CST
"t_ucD_128K_8K_L" time elapsed: 00:00:00
----------------------------------------------------------

89/164 Testing: t_ucD_128K_8K_lL
89/164 Test: t_ucD_128K_8K_lL
Command: "/home/bolee/cs144/sponge/txrx.sh" "-ucDd" "128K" "-w" "8K" "-l" "0.1" "-L" "0.1"
Directory: /home/bolee/cs144/sponge/Debug
"t_ucD_128K_8K_lL" start time: Sep 23 15:34 CST
Output:
----------------------------------------------------------
DEBUG: Listening for incoming connection... new connection from 0.0.0.0:0.
DEBUG: TCP connection finished cleanly.
Error in _rt_listen
<end of output>
Test time =   0.22 sec
----------------------------------------------------------
Test Failed.
"t_ucD_128K_8K_lL" end time: Sep 23 15:34 CST
"t_ucD_128K_8K_lL" time elapsed: 00:00:00
----------------------------------------------------------

90/164 Testing: t_usS_128K_8K_l
90/164 Test: t_usS_128K_8K_l
Command: "/home/bolee/cs144/sponge/txrx.sh" "-usSd" "128K" "-w" "8K" "-l" "0.1"
Directory: /home/bolee/cs144/sponge/Debug
"t_usS_128K_8K_l" start time: Sep 23 15:34 CST
Output:
----------------------------------------------------------
DEBUG: Listening for incoming connection... new connection from 0.0.0.0:0.
DEBUG: TCP connection finished cleanly.
Error in _rt_listen
<end of output>
Test time =   0.21 sec
----------------------------------------------------------
Test Failed.
"t_usS_128K_8K_l" end time: Sep 23 15:34 CST
"t_usS_128K_8K_l" time elapsed: 00:00:00
----------------------------------------------------------

91/164 Testing: t_usS_128K_8K_L
91/164 Test: t_usS_128K_8K_L
Command: "/home/bolee/cs144/sponge/txrx.sh" "-usSd" "128K" "-w" "8K" "-L" "0.1"
Directory: /home/bolee/cs144/sponge/Debug
"t_usS_128K_8K_L" start time: Sep 23 15:34 CST
Output:
----------------------------------------------------------
DEBUG: Listening for incoming connection... new connection from 0.0.0.0:0.
DEBUG: TCP connection finished cleanly.
Error in _rt_listen
<end of output>
Test time =   0.21 sec
----------------------------------------------------------
Test Failed.
"t_usS_128K_8K_L" end time: Sep 23 15:34 CST
"t_usS_128K_8K_L" time elapsed: 00:00:00
----------------------------------------------------------

92/164 Testing: t_usS_128K_8K_lL
92/164 Test: t_usS_128K_8K_lL
Command: "/home/bolee/cs144/sponge/txrx.sh" "-usSd" "128K" "-w" "8K" "-l" "0.1" "-L" "0.1"
Directory: /home/bolee/cs144/sponge/Debug
"t_usS_128K_8K_lL" start time: Sep 23 15:34 CST
Output:
----------------------------------------------------------
DEBUG: Listening for incoming connection... new connection from 0.0.0.0:0.
DEBUG: TCP connection finished cleanly.
Error in _rt_listen
<end of output>
Test time =   0.22 sec
----------------------------------------------------------
Test Failed.
"t_usS_128K_8K_lL" end time: Sep 23 15:34 CST
"t_usS_128K_8K_lL" time elapsed: 00:00:00
----------------------------------------------------------

93/164 Testing: t_usR_128K_8K_l
93/164 Test: t_usR_128K_8K_l
Command: "/home/bolee/cs144/sponge/txrx.sh" "-usRd" "128K" "-w" "8K" "-l" "0.1"
Directory: /home/bolee/cs144/sponge/Debug
"t_usR_128K_8K_l" start time: Sep 23 15:34 CST
Output:
----------------------------------------------------------
DEBUG: Listening for incoming connection... new connection from 0.0.0.0:0.
DEBUG: Waiting for clean shutdown... DEBUG: TCP connection finished cleanly.
done.
Error in _rt_listen
<end of output>
Test time =   0.25 sec
----------------------------------------------------------
Test Failed.
"t_usR_128K_8K_l" end time: Sep 23 15:34 CST
"t_usR_128K_8K_l" time elapsed: 00:00:00
----------------------------------------------------------

94/164 Testing: t_usR_128K_8K_L
94/164 Test: t_usR_128K_8K_L
Command: "/home/bolee/cs144/sponge/txrx.sh" "-usRd" "128K" "-w" "8K" "-L" "0.1"
Directory: /home/bolee/cs144/sponge/Debug
"t_usR_128K_8K_L" start time: Sep 23 15:34 CST
Output:
----------------------------------------------------------
DEBUG: Listening for incoming connection... new connection from 0.0.0.0:0.
DEBUG: TCP connection finished cleanly.
DEBUG: Waiting for clean shutdown... done.
Error in _rt_listen
<end of output>
Test time =   0.21 sec
----------------------------------------------------------
Test Failed.
"t_usR_128K_8K_L" end time: Sep 23 15:34 CST
"t_usR_128K_8K_L" time elapsed: 00:00:00
----------------------------------------------------------

95/164 Testing: t_usR_128K_8K_lL
95/164 Test: t_usR_128K_8K_lL
Command: "/home/bolee/cs144/sponge/txrx.sh" "-usRd" "128K" "-w" "8K" "-l" "0.1" "-L" "0.1"
Directory: /home/bolee/cs144/sponge/Debug
"t_usR_128K_8K_lL" start time: Sep 23 15:34 CST
Output:
----------------------------------------------------------
DEBUG: Listening for incoming connection... new connection from 0.0.0.0:0.
DEBUG: TCP connection finished cleanly.
DEBUG: Waiting for clean shutdown... done.
Error in _rt_listen
<end of output>
Test time =   0.20 sec
----------------------------------------------------------
Test Failed.
"t_usR_128K_8K_lL" end time: Sep 23 15:34 CST
"t_usR_128K_8K_lL" time elapsed: 00:00:00
----------------------------------------------------------

96/164 Testing: t_usD_128K_8K_l
96/164 Test: t_usD_128K_8K_l
Command: "/home/bolee/cs144/sponge/txrx.sh" "-usDd" "128K" "-w" "8K" "-l" "0.1"
Directory: /home/bolee/cs144/sponge/Debug
"t_usD_128K_8K_l" start time: Sep 23 15:34 CST
Output:
----------------------------------------------------------
DEBUG: Listening for incoming connection... new connection from 0.0.0.0:0.
DEBUG: TCP connection finished cleanly.
Error in _rt_listen
<end of output>
Test time =   0.21 sec
----------------------------------------------------------
Test Failed.
"t_usD_128K_8K_l" end time: Sep 23 15:34 CST
"t_usD_128K_8K_l" time elapsed: 00:00:00
----------------------------------------------------------

97/164 Testing: t_usD_128K_8K_L
97/164 Test: t_usD_128K_8K_L
Command: "/home/bolee/cs144/sponge/txrx.sh" "-usDd" "128K" "-w" "8K" "-L" "0.1"
Directory: /home/bolee/cs144/sponge/Debug
"t_usD_128K_8K_L" start time: Sep 23 15:34 CST
Output:
----------------------------------------------------------
DEBUG: Listening for incoming connection... new connection from 0.0.0.0:0.
DEBUG: TCP connection finished cleanly.
Error in _rt_listen
<end of output>
Test time =   0.21 sec
----------------------------------------------------------
Test Failed.
"t_usD_128K_8K_L" end time: Sep 23 15:34 CST
"t_usD_128K_8K_L" time elapsed: 00:00:00
----------------------------------------------------------

98/164 Testing: t_usD_128K_8K_lL
98/164 Test: t_usD_128K_8K_lL
Command: "/home/bolee/cs144/sponge/txrx.sh" "-usDd" "128K" "-w" "8K" "-l" "0.1" "-L" "0.1"
Directory: /home/bolee/cs144/sponge/Debug
"t_usD_128K_8K_lL" start time: Sep 23 15:34 CST
Output:
----------------------------------------------------------
DEBUG: Listening for incoming connection... new connection from 0.0.0.0:0.
DEBUG: TCP connection finished cleanly.
Error in _rt_listen
<end of output>
Test time =   0.21 sec
----------------------------------------------------------
Test Failed.
"t_usD_128K_8K_lL" end time: Sep 23 15:34 CST
"t_usD_128K_8K_lL" time elapsed: 00:00:00
----------------------------------------------------------

99/164 Testing: t_ipv4_client_send
99/164 Test: t_ipv4_client_send
Command: "/home/bolee/cs144/sponge/txrx.sh" "-icS"
Directory: /home/bolee/cs144/sponge/Debug
"t_ipv4_client_send" start time: Sep 23 15:34 CST
Output:
----------------------------------------------------------
DEBUG: Listening for incoming connection... new connection from 0.0.0.0:0.
DEBUG: TCP connection finished cleanly.
DEBUG: Waiting for clean shutdown... done.
Error in _rt_listen
<end of output>
Test time =   0.20 sec
----------------------------------------------------------
Test Failed.
"t_ipv4_client_send" end time: Sep 23 15:34 CST
"t_ipv4_client_send" time elapsed: 00:00:00
----------------------------------------------------------

100/164 Testing: t_ipv4_server_send
100/164 Test: t_ipv4_server_send
Command: "/home/bolee/cs144/sponge/txrx.sh" "-isS"
Directory: /home/bolee/cs144/sponge/Debug
"t_ipv4_server_send" start time: Sep 23 15:34 CST
Output:
----------------------------------------------------------
DEBUG: Listening for incoming connection... new connection from 0.0.0.0:0.
DEBUG: TCP connection finished cleanly.
DEBUG: Waiting for clean shutdown... done.
Error in _rt_listen
<end of output>
Test time =   0.20 sec
----------------------------------------------------------
Test Failed.
"t_ipv4_server_send" end time: Sep 23 15:34 CST
"t_ipv4_server_send" time elapsed: 00:00:00
----------------------------------------------------------

101/164 Testing: t_ipv4_client_recv
101/164 Test: t_ipv4_client_recv
Command: "/home/bolee/cs144/sponge/txrx.sh" "-icR"
Directory: /home/bolee/cs144/sponge/Debug
"t_ipv4_client_recv" start time: Sep 23 15:34 CST
Output:
----------------------------------------------------------
DEBUG: Listening for incoming connection... new connection from 0.0.0.0:0.
DEBUG: TCP connection finished cleanly.
Error in _rt_listen
<end of output>
Test time =   0.20 sec
----------------------------------------------------------
Test Failed.
"t_ipv4_client_recv" end time: Sep 23 15:34 CST
"t_ipv4_client_recv" time elapsed: 00:00:00
----------------------------------------------------------

102/164 Testing: t_ipv4_server_recv
102/164 Test: t_ipv4_server_recv
Command: "/home/bolee/cs144/sponge/txrx.sh" "-isR"
Directory: /home/bolee/cs144/sponge/Debug
"t_ipv4_server_recv" start time: Sep 23 15:34 CST
Output:
----------------------------------------------------------
DEBUG: Listening for incoming connection... new connection from 0.0.0.0:0.
DEBUG: TCP connection finished cleanly.
DEBUG: Waiting for clean shutdown... done.
Error in _rt_listen
<end of output>
Test time =   0.19 sec
----------------------------------------------------------
Test Failed.
"t_ipv4_server_recv" end time: Sep 23 15:34 CST
"t_ipv4_server_recv" time elapsed: 00:00:00
----------------------------------------------------------

103/164 Testing: t_ipv4_client_dupl
103/164 Test: t_ipv4_client_dupl
Command: "/home/bolee/cs144/sponge/txrx.sh" "-icD"
Directory: /home/bolee/cs144/sponge/Debug
"t_ipv4_client_dupl" start time: Sep 23 15:34 CST
Output:
----------------------------------------------------------
DEBUG: Listening for incoming connection... new connection from 0.0.0.0:0.
DEBUG: TCP connection finished cleanly.
Error in _rt_listen
<end of output>
Test time =   0.21 sec
----------------------------------------------------------
Test Failed.
"t_ipv4_client_dupl" end time: Sep 23 15:34 CST
"t_ipv4_client_dupl" time elapsed: 00:00:00
----------------------------------------------------------

104/164 Testing: t_ipv4_server_dupl
104/164 Test: t_ipv4_server_dupl
Command: "/home/bolee/cs144/sponge/txrx.sh" "-isD"
Directory: /home/bolee/cs144/sponge/Debug
"t_ipv4_server_dupl" start time: Sep 23 15:34 CST
Output:
----------------------------------------------------------
DEBUG: Listening for incoming connection... new connection from 0.0.0.0:0.
DEBUG: TCP connection finished cleanly.
DEBUG: Waiting for clean shutdown... done.
Error in _rt_listen
<end of output>
Test time =   0.24 sec
----------------------------------------------------------
Test Failed.
"t_ipv4_server_dupl" end time: Sep 23 15:34 CST
"t_ipv4_server_dupl" time elapsed: 00:00:00
----------------------------------------------------------

105/164 Testing: t_icS_1M_32k
105/164 Test: t_icS_1M_32k
Command: "/home/bolee/cs144/sponge/txrx.sh" "-icSd" "1M" "-w" "32K"
Directory: /home/bolee/cs144/sponge/Debug
"t_icS_1M_32k" start time: Sep 23 15:34 CST
Output:
----------------------------------------------------------
DEBUG: Listening for incoming connection... new connection from 0.0.0.0:0.
DEBUG: Waiting for clean shutdown... DEBUG: TCP connection finished cleanly.
done.
Error in _rt_listen
<end of output>
Test time =   0.32 sec
----------------------------------------------------------
Test Failed.
"t_icS_1M_32k" end time: Sep 23 15:34 CST
"t_icS_1M_32k" time elapsed: 00:00:00
----------------------------------------------------------

106/164 Testing: t_icS_128K_8K
106/164 Test: t_icS_128K_8K
Command: "/home/bolee/cs144/sponge/txrx.sh" "-icSd" "128K" "-w" "8K"
Directory: /home/bolee/cs144/sponge/Debug
"t_icS_128K_8K" start time: Sep 23 15:34 CST
Output:
----------------------------------------------------------
DEBUG: Listening for incoming connection... new connection from 0.0.0.0:0.
DEBUG: Waiting for clean shutdown... DEBUG: TCP connection finished cleanly.
done.
Error in _rt_listen
<end of output>
Test time =   0.23 sec
----------------------------------------------------------
Test Failed.
"t_icS_128K_8K" end time: Sep 23 15:34 CST
"t_icS_128K_8K" time elapsed: 00:00:00
----------------------------------------------------------

107/164 Testing: t_icS_16_1
107/164 Test: t_icS_16_1
Command: "/home/bolee/cs144/sponge/txrx.sh" "-icSd" "16" "-w" "1"
Directory: /home/bolee/cs144/sponge/Debug
"t_icS_16_1" start time: Sep 23 15:34 CST
Output:
----------------------------------------------------------
DEBUG: Listening for incoming connection... new connection from 0.0.0.0:0.
DEBUG: TCP connection finished cleanly.
DEBUG: Waiting for clean shutdown... done.
Error in _rt_listen
<end of output>
Test time =   0.21 sec
----------------------------------------------------------
Test Failed.
"t_icS_16_1" end time: Sep 23 15:34 CST
"t_icS_16_1" time elapsed: 00:00:00
----------------------------------------------------------

108/164 Testing: t_icS_32K_d
108/164 Test: t_icS_32K_d
Command: "/home/bolee/cs144/sponge/txrx.sh" "-icSd" "32K"
Directory: /home/bolee/cs144/sponge/Debug
"t_icS_32K_d" start time: Sep 23 15:34 CST
Output:
----------------------------------------------------------
DEBUG: Listening for incoming connection... new connection from 0.0.0.0:0.
DEBUG: TCP connection finished cleanly.
DEBUG: Waiting for clean shutdown... done.
Error in _rt_listen
<end of output>
Test time =   0.20 sec
----------------------------------------------------------
Test Failed.
"t_icS_32K_d" end time: Sep 23 15:34 CST
"t_icS_32K_d" time elapsed: 00:00:00
----------------------------------------------------------

109/164 Testing: t_icR_1M_32k
109/164 Test: t_icR_1M_32k
Command: "/home/bolee/cs144/sponge/txrx.sh" "-icRd" "1M" "-w" "32K"
Directory: /home/bolee/cs144/sponge/Debug
"t_icR_1M_32k" start time: Sep 23 15:34 CST
Output:
----------------------------------------------------------
DEBUG: Listening for incoming connection... new connection from 0.0.0.0:0.
DEBUG: TCP connection finished cleanly.
Error in _rt_listen
<end of output>
Test time =   0.31 sec
----------------------------------------------------------
Test Failed.
"t_icR_1M_32k" end time: Sep 23 15:34 CST
"t_icR_1M_32k" time elapsed: 00:00:00
----------------------------------------------------------

110/164 Testing: t_icR_128K_8K
110/164 Test: t_icR_128K_8K
Command: "/home/bolee/cs144/sponge/txrx.sh" "-icRd" "128K" "-w" "8K"
Directory: /home/bolee/cs144/sponge/Debug
"t_icR_128K_8K" start time: Sep 23 15:34 CST
Output:
----------------------------------------------------------
DEBUG: Listening for incoming connection... new connection from 0.0.0.0:0.
DEBUG: TCP connection finished cleanly.
Error in _rt_listen
<end of output>
Test time =   0.22 sec
----------------------------------------------------------
Test Failed.
"t_icR_128K_8K" end time: Sep 23 15:34 CST
"t_icR_128K_8K" time elapsed: 00:00:00
----------------------------------------------------------

111/164 Testing: t_icR_16_1
111/164 Test: t_icR_16_1
Command: "/home/bolee/cs144/sponge/txrx.sh" "-icRd" "16" "-w" "1"
Directory: /home/bolee/cs144/sponge/Debug
"t_icR_16_1" start time: Sep 23 15:34 CST
Output:
----------------------------------------------------------
DEBUG: Listening for incoming connection... new connection from 0.0.0.0:0.
DEBUG: Waiting for clean shutdown... DEBUG: TCP connection finished cleanly.
done.
Error in _rt_listen
<end of output>
Test time =   0.21 sec
----------------------------------------------------------
Test Failed.
"t_icR_16_1" end time: Sep 23 15:34 CST
"t_icR_16_1" time elapsed: 00:00:00
----------------------------------------------------------

112/164 Testing: t_icR_32K_d
112/164 Test: t_icR_32K_d
Command: "/home/bolee/cs144/sponge/txrx.sh" "-icRd" "32K"
Directory: /home/bolee/cs144/sponge/Debug
"t_icR_32K_d" start time: Sep 23 15:34 CST
Output:
----------------------------------------------------------
DEBUG: Listening for incoming connection... new connection from 0.0.0.0:0.
DEBUG: TCP connection finished cleanly.
DEBUG: Waiting for clean shutdown... done.
Error in _rt_listen
<end of output>
Test time =   0.20 sec
----------------------------------------------------------
Test Failed.
"t_icR_32K_d" end time: Sep 23 15:34 CST
"t_icR_32K_d" time elapsed: 00:00:00
----------------------------------------------------------

113/164 Testing: t_icD_1M_32k
113/164 Test: t_icD_1M_32k
Command: "/home/bolee/cs144/sponge/txrx.sh" "-icDd" "1M" "-w" "32K"
Directory: /home/bolee/cs144/sponge/Debug
"t_icD_1M_32k" start time: Sep 23 15:34 CST
Output:
----------------------------------------------------------
DEBUG: Listening for incoming connection... new connection from 0.0.0.0:0.
DEBUG: TCP connection finished cleanly.
Error in _rt_listen
<end of output>
Test time =   0.29 sec
----------------------------------------------------------
Test Failed.
"t_icD_1M_32k" end time: Sep 23 15:34 CST
"t_icD_1M_32k" time elapsed: 00:00:00
----------------------------------------------------------

114/164 Testing: t_icD_128K_8K
114/164 Test: t_icD_128K_8K
Command: "/home/bolee/cs144/sponge/txrx.sh" "-icDd" "128K" "-w" "8K"
Directory: /home/bolee/cs144/sponge/Debug
"t_icD_128K_8K" start time: Sep 23 15:34 CST
Output:
----------------------------------------------------------
DEBUG: Listening for incoming connection... new connection from 0.0.0.0:0.
DEBUG: TCP connection finished cleanly.
Error in _rt_listen
<end of output>
Test time =   0.24 sec
----------------------------------------------------------
Test Failed.
"t_icD_128K_8K" end time: Sep 23 15:34 CST
"t_icD_128K_8K" time elapsed: 00:00:00
----------------------------------------------------------

115/164 Testing: t_icD_16_1
115/164 Test: t_icD_16_1
Command: "/home/bolee/cs144/sponge/txrx.sh" "-icDd" "16" "-w" "1"
Directory: /home/bolee/cs144/sponge/Debug
"t_icD_16_1" start time: Sep 23 15:34 CST
Output:
----------------------------------------------------------
DEBUG: Listening for incoming connection... new connection from 0.0.0.0:0.
DEBUG: TCP connection finished cleanly.
Error in _rt_listen
<end of output>
Test time =   0.23 sec
----------------------------------------------------------
Test Failed.
"t_icD_16_1" end time: Sep 23 15:34 CST
"t_icD_16_1" time elapsed: 00:00:00
----------------------------------------------------------

116/164 Testing: t_icD_32K_d
116/164 Test: t_icD_32K_d
Command: "/home/bolee/cs144/sponge/txrx.sh" "-icDd" "32K"
Directory: /home/bolee/cs144/sponge/Debug
"t_icD_32K_d" start time: Sep 23 15:34 CST
Output:
----------------------------------------------------------
DEBUG: Listening for incoming connection... new connection from 0.0.0.0:0.
DEBUG: TCP connection finished cleanly.
DEBUG: Waiting for clean shutdown... done.
Error in _rt_listen
<end of output>
Test time =   0.21 sec
----------------------------------------------------------
Test Failed.
"t_icD_32K_d" end time: Sep 23 15:34 CST
"t_icD_32K_d" time elapsed: 00:00:00
----------------------------------------------------------

117/164 Testing: t_isS_1M_32k
117/164 Test: t_isS_1M_32k
Command: "/home/bolee/cs144/sponge/txrx.sh" "-isSd" "1M" "-w" "32K"
Directory: /home/bolee/cs144/sponge/Debug
"t_isS_1M_32k" start time: Sep 23 15:34 CST
Output:
----------------------------------------------------------
DEBUG: Listening for incoming connection... new connection from 0.0.0.0:0.
DEBUG: TCP connection finished cleanly.
Error in _rt_listen
<end of output>
Test time =   0.27 sec
----------------------------------------------------------
Test Failed.
"t_isS_1M_32k" end time: Sep 23 15:34 CST
"t_isS_1M_32k" time elapsed: 00:00:00
----------------------------------------------------------

118/164 Testing: t_isS_128K_8K
118/164 Test: t_isS_128K_8K
Command: "/home/bolee/cs144/sponge/txrx.sh" "-isSd" "128K" "-w" "8K"
Directory: /home/bolee/cs144/sponge/Debug
"t_isS_128K_8K" start time: Sep 23 15:34 CST
Output:
----------------------------------------------------------
DEBUG: Listening for incoming connection... new connection from 0.0.0.0:0.
DEBUG: TCP connection finished cleanly.
Error in _rt_listen
<end of output>
Test time =   0.22 sec
----------------------------------------------------------
Test Failed.
"t_isS_128K_8K" end time: Sep 23 15:34 CST
"t_isS_128K_8K" time elapsed: 00:00:00
----------------------------------------------------------

119/164 Testing: t_isS_16_1
119/164 Test: t_isS_16_1
Command: "/home/bolee/cs144/sponge/txrx.sh" "-isSd" "16" "-w" "1"
Directory: /home/bolee/cs144/sponge/Debug
"t_isS_16_1" start time: Sep 23 15:34 CST
Output:
----------------------------------------------------------
DEBUG: Listening for incoming connection... new connection from 0.0.0.0:0.
DEBUG: TCP connection finished cleanly.
Error in _rt_listen
<end of output>
Test time =   0.22 sec
----------------------------------------------------------
Test Failed.
"t_isS_16_1" end time: Sep 23 15:34 CST
"t_isS_16_1" time elapsed: 00:00:00
----------------------------------------------------------

120/164 Testing: t_isS_32K_d
120/164 Test: t_isS_32K_d
Command: "/home/bolee/cs144/sponge/txrx.sh" "-isSd" "32K"
Directory: /home/bolee/cs144/sponge/Debug
"t_isS_32K_d" start time: Sep 23 15:34 CST
Output:
----------------------------------------------------------
DEBUG: Listening for incoming connection... new connection from 0.0.0.0:0.
DEBUG: TCP connection finished cleanly.
Error in _rt_listen
<end of output>
Test time =   0.20 sec
----------------------------------------------------------
Test Failed.
"t_isS_32K_d" end time: Sep 23 15:34 CST
"t_isS_32K_d" time elapsed: 00:00:00
----------------------------------------------------------

121/164 Testing: t_isR_1M_32k
121/164 Test: t_isR_1M_32k
Command: "/home/bolee/cs144/sponge/txrx.sh" "-isRd" "1M" "-w" "32K"
Directory: /home/bolee/cs144/sponge/Debug
"t_isR_1M_32k" start time: Sep 23 15:34 CST
Output:
----------------------------------------------------------
DEBUG: Listening for incoming connection... new connection from 0.0.0.0:0.
DEBUG: TCP connection finished cleanly.
DEBUG: Waiting for clean shutdown... done.
Error in _rt_listen
<end of output>
Test time =   0.25 sec
----------------------------------------------------------
Test Failed.
"t_isR_1M_32k" end time: Sep 23 15:34 CST
"t_isR_1M_32k" time elapsed: 00:00:00
----------------------------------------------------------

122/164 Testing: t_isR_128K_8K
122/164 Test: t_isR_128K_8K
[...]
DEBUG: TCP connection finished cleanly.
DEBUG: Waiting for clean shutdown... done.
Error in _rt_listen
<end of output>
Test time =   0.21 sec
----------------------------------------------------------
Test Failed.
"t_isS_128K_8K_lL" end time: Sep 23 15:34 CST
"t_isS_128K_8K_lL" time elapsed: 00:00:00
----------------------------------------------------------

141/164 Testing: t_isR_128K_8K_l
141/164 Test: t_isR_128K_8K_l
Command: "/home/bolee/cs144/sponge/txrx.sh" "-isRd" "128K" "-w" "8K" "-l" "0.1"
Directory: /home/bolee/cs144/sponge/Debug
"t_isR_128K_8K_l" start time: Sep 23 15:34 CST
Output:
----------------------------------------------------------
DEBUG: Listening for incoming connection... new connection from 0.0.0.0:0.
DEBUG: Waiting for clean shutdown... DEBUG: TCP connection finished cleanly.
done.
Error in _rt_listen
<end of output>
Test time =   0.21 sec
----------------------------------------------------------
Test Failed.
"t_isR_128K_8K_l" end time: Sep 23 15:34 CST
"t_isR_128K_8K_l" time elapsed: 00:00:00
----------------------------------------------------------

142/164 Testing: t_isR_128K_8K_L
142/164 Test: t_isR_128K_8K_L
Command: "/home/bolee/cs144/sponge/txrx.sh" "-isRd" "128K" "-w" "8K" "-L" "0.1"
Directory: /home/bolee/cs144/sponge/Debug
"t_isR_128K_8K_L" start time: Sep 23 15:34 CST
Output:
----------------------------------------------------------
DEBUG: Listening for incoming connection... new connection from 0.0.0.0:0.
DEBUG: TCP connection finished cleanly.
DEBUG: Waiting for clean shutdown... done.
Error in _rt_listen
<end of output>
Test time =   0.21 sec
----------------------------------------------------------
Test Failed.
"t_isR_128K_8K_L" end time: Sep 23 15:34 CST
"t_isR_128K_8K_L" time elapsed: 00:00:00
----------------------------------------------------------

143/164 Testing: t_isR_128K_8K_lL
143/164 Test: t_isR_128K_8K_lL
Command: "/home/bolee/cs144/sponge/txrx.sh" "-isRd" "128K" "-w" "8K" "-l" "0.1" "-L" "0.1"
Directory: /home/bolee/cs144/sponge/Debug
"t_isR_128K_8K_lL" start time: Sep 23 15:34 CST
Output:
----------------------------------------------------------
DEBUG: Listening for incoming connection... new connection from 0.0.0.0:0.
DEBUG: TCP connection finished cleanly.
DEBUG: Waiting for clean shutdown... done.
Error in _rt_listen
<end of output>
Test time =   0.22 sec
----------------------------------------------------------
Test Failed.
"t_isR_128K_8K_lL" end time: Sep 23 15:34 CST
"t_isR_128K_8K_lL" time elapsed: 00:00:00
----------------------------------------------------------

144/164 Testing: t_isD_128K_8K_l
144/164 Test: t_isD_128K_8K_l
Command: "/home/bolee/cs144/sponge/txrx.sh" "-isDd" "128K" "-w" "8K" "-l" "0.1"
Directory: /home/bolee/cs144/sponge/Debug
"t_isD_128K_8K_l" start time: Sep 23 15:34 CST
Output:
----------------------------------------------------------
DEBUG: Listening for incoming connection... new connection from 0.0.0.0:0.
DEBUG: TCP connection finished cleanly.
DEBUG: Waiting for clean shutdown... done.
Error in _rt_listen
<end of output>
Test time =   0.24 sec
----------------------------------------------------------
Test Failed.
"t_isD_128K_8K_l" end time: Sep 23 15:34 CST
"t_isD_128K_8K_l" time elapsed: 00:00:00
----------------------------------------------------------

145/164 Testing: t_isD_128K_8K_L
145/164 Test: t_isD_128K_8K_L
Command: "/home/bolee/cs144/sponge/txrx.sh" "-isDd" "128K" "-w" "8K" "-L" "0.1"
Directory: /home/bolee/cs144/sponge/Debug
"t_isD_128K_8K_L" start time: Sep 23 15:34 CST
Output:
----------------------------------------------------------
DEBUG: Listening for incoming connection... new connection from 0.0.0.0:0.
DEBUG: TCP connection finished cleanly.
DEBUG: Waiting for clean shutdown... done.
Error in _rt_listen
<end of output>
Test time =   0.21 sec
----------------------------------------------------------
Test Failed.
"t_isD_128K_8K_L" end time: Sep 23 15:34 CST
"t_isD_128K_8K_L" time elapsed: 00:00:00
----------------------------------------------------------

146/164 Testing: t_isD_128K_8K_lL
146/164 Test: t_isD_128K_8K_lL
Command: "/home/bolee/cs144/sponge/txrx.sh" "-isDd" "128K" "-w" "8K" "-l" "0.1" "-L" "0.1"
Directory: /home/bolee/cs144/sponge/Debug
"t_isD_128K_8K_lL" start time: Sep 23 15:34 CST
Output:
----------------------------------------------------------
DEBUG: Listening for incoming connection... new connection from 0.0.0.0:0.
DEBUG: TCP connection finished cleanly.
Error in _rt_listen
<end of output>
Test time =   0.22 sec
----------------------------------------------------------
Test Failed.
"t_isD_128K_8K_lL" end time: Sep 23 15:34 CST
"t_isD_128K_8K_lL" time elapsed: 00:00:00
----------------------------------------------------------

147/164 Testing: t_icnS_128K_8K_l
147/164 Test: t_icnS_128K_8K_l
Command: "/home/bolee/cs144/sponge/txrx.sh" "-icSnd" "128K" "-w" "8K" "-l" "0.1"
Directory: /home/bolee/cs144/sponge/Debug
"t_icnS_128K_8K_l" start time: Sep 23 15:34 CST
Output:
----------------------------------------------------------
DEBUG: Connecting to 169.254.144.1:8112... Exception: After TCPConnection::connect(), state was sender=`waiting for stream to begin (no SYN sent)`, receiver=`waiting for SYN: ackno is empty`, active=0, linger_after_streams_finish=0 but expected sender=`stream started but nothing acknowledged`, receiver=`waiting for SYN: ackno is empty`, active=1, linger_after_streams_finish=1
Error in _rt_connect
<end of output>
Test time =   0.21 sec
----------------------------------------------------------
Test Failed.
"t_icnS_128K_8K_l" end time: Sep 23 15:34 CST
"t_icnS_128K_8K_l" time elapsed: 00:00:00
----------------------------------------------------------

148/164 Testing: t_icnS_128K_8K_L
148/164 Test: t_icnS_128K_8K_L
Command: "/home/bolee/cs144/sponge/txrx.sh" "-icSnd" "128K" "-w" "8K" "-L" "0.1"
Directory: /home/bolee/cs144/sponge/Debug
"t_icnS_128K_8K_L" start time: Sep 23 15:34 CST
Output:
----------------------------------------------------------
DEBUG: Connecting to 169.254.144.1:14847... Exception: After TCPConnection::connect(), state was sender=`waiting for stream to begin (no SYN sent)`, receiver=`waiting for SYN: ackno is empty`, active=0, linger_after_streams_finish=0 but expected sender=`stream started but nothing acknowledged`, receiver=`waiting for SYN: ackno is empty`, active=1, linger_after_streams_finish=1
Error in _rt_connect
<end of output>
Test time =   0.23 sec
----------------------------------------------------------
Test Failed.
"t_icnS_128K_8K_L" end time: Sep 23 15:34 CST
"t_icnS_128K_8K_L" time elapsed: 00:00:00
----------------------------------------------------------

149/164 Testing: t_icnS_128K_8K_lL
149/164 Test: t_icnS_128K_8K_lL
Command: "/home/bolee/cs144/sponge/txrx.sh" "-icSnd" "128K" "-w" "8K" "-l" "0.1" "-L" "0.1"
Directory: /home/bolee/cs144/sponge/Debug
"t_icnS_128K_8K_lL" start time: Sep 23 15:34 CST
Output:
----------------------------------------------------------
DEBUG: Connecting to 169.254.144.1:20220... Exception: After TCPConnection::connect(), state was sender=`waiting for stream to begin (no SYN sent)`, receiver=`waiting for SYN: ackno is empty`, active=0, linger_after_streams_finish=0 but expected sender=`stream started but nothing acknowledged`, receiver=`waiting for SYN: ackno is empty`, active=1, linger_after_streams_finish=1
Error in _rt_connect
<end of output>
Test time =   0.26 sec
----------------------------------------------------------
Test Failed.
"t_icnS_128K_8K_lL" end time: Sep 23 15:34 CST
"t_icnS_128K_8K_lL" time elapsed: 00:00:00
----------------------------------------------------------

150/164 Testing: t_icnR_128K_8K_l
150/164 Test: t_icnR_128K_8K_l
Command: "/home/bolee/cs144/sponge/txrx.sh" "-icRnd" "128K" "-w" "8K" "-l" "0.1"
Directory: /home/bolee/cs144/sponge/Debug
"t_icnR_128K_8K_l" start time: Sep 23 15:34 CST
Output:
----------------------------------------------------------
DEBUG: Connecting to 169.254.144.1:32884... Exception: After TCPConnection::connect(), state was sender=`waiting for stream to begin (no SYN sent)`, receiver=`waiting for SYN: ackno is empty`, active=0, linger_after_streams_finish=0 but expected sender=`stream started but nothing acknowledged`, receiver=`waiting for SYN: ackno is empty`, active=1, linger_after_streams_finish=1
Error in _rt_connect
<end of output>
Test time =   0.23 sec
----------------------------------------------------------
Test Failed.
"t_icnR_128K_8K_l" end time: Sep 23 15:34 CST
"t_icnR_128K_8K_l" time elapsed: 00:00:00
----------------------------------------------------------

151/164 Testing: t_icnR_128K_8K_L
151/164 Test: t_icnR_128K_8K_L
Command: "/home/bolee/cs144/sponge/txrx.sh" "-icRnd" "128K" "-w" "8K" "-L" "0.1"
Directory: /home/bolee/cs144/sponge/Debug
"t_icnR_128K_8K_L" start time: Sep 23 15:34 CST
Output:
----------------------------------------------------------
DEBUG: Connecting to 169.254.144.1:14509... Exception: After TCPConnection::connect(), state was sender=`waiting for stream to begin (no SYN sent)`, receiver=`waiting for SYN: ackno is empty`, active=0, linger_after_streams_finish=0 but expected sender=`stream started but nothing acknowledged`, receiver=`waiting for SYN: ackno is empty`, active=1, linger_after_streams_finish=1
Error in _rt_connect
<end of output>
Test time =   0.23 sec
----------------------------------------------------------
Test Failed.
"t_icnR_128K_8K_L" end time: Sep 23 15:34 CST
"t_icnR_128K_8K_L" time elapsed: 00:00:00
----------------------------------------------------------

152/164 Testing: t_icnR_128K_8K_lL
152/164 Test: t_icnR_128K_8K_lL
Command: "/home/bolee/cs144/sponge/txrx.sh" "-icRnd" "128K" "-w" "8K" "-l" "0.1" "-L" "0.1"
Directory: /home/bolee/cs144/sponge/Debug
"t_icnR_128K_8K_lL" start time: Sep 23 15:34 CST
Output:
----------------------------------------------------------
DEBUG: Connecting to 169.254.144.1:24787... Exception: After TCPConnection::connect(), state was sender=`waiting for stream to begin (no SYN sent)`, receiver=`waiting for SYN: ackno is empty`, active=0, linger_after_streams_finish=0 but expected sender=`stream started but nothing acknowledged`, receiver=`waiting for SYN: ackno is empty`, active=1, linger_after_streams_finish=1
Error in _rt_connect
<end of output>
Test time =   0.23 sec
----------------------------------------------------------
Test Failed.
"t_icnR_128K_8K_lL" end time: Sep 23 15:34 CST
"t_icnR_128K_8K_lL" time elapsed: 00:00:00
----------------------------------------------------------

153/164 Testing: t_icnD_128K_8K_l
153/164 Test: t_icnD_128K_8K_l
Command: "/home/bolee/cs144/sponge/txrx.sh" "-icDnd" "128K" "-w" "8K" "-l" "0.1"
Directory: /home/bolee/cs144/sponge/Debug
"t_icnD_128K_8K_l" start time: Sep 23 15:34 CST
Output:
----------------------------------------------------------
DEBUG: Connecting to 169.254.144.1:14947... Exception: After TCPConnection::connect(), state was sender=`waiting for stream to begin (no SYN sent)`, receiver=`waiting for SYN: ackno is empty`, active=0, linger_after_streams_finish=0 but expected sender=`stream started but nothing acknowledged`, receiver=`waiting for SYN: ackno is empty`, active=1, linger_after_streams_finish=1
Error in _rt_connect
<end of output>
Test time =   0.25 sec
----------------------------------------------------------
Test Failed.
"t_icnD_128K_8K_l" end time: Sep 23 15:34 CST
"t_icnD_128K_8K_l" time elapsed: 00:00:00
----------------------------------------------------------

154/164 Testing: t_icnD_128K_8K_L
154/164 Test: t_icnD_128K_8K_L
Command: "/home/bolee/cs144/sponge/txrx.sh" "-icDnd" "128K" "-w" "8K" "-L" "0.1"
Directory: /home/bolee/cs144/sponge/Debug
"t_icnD_128K_8K_L" start time: Sep 23 15:34 CST
Output:
----------------------------------------------------------
DEBUG: Connecting to 169.254.144.1:17905... Exception: After TCPConnection::connect(), state was sender=`waiting for stream to begin (no SYN sent)`, receiver=`waiting for SYN: ackno is empty`, active=0, linger_after_streams_finish=0 but expected sender=`stream started but nothing acknowledged`, receiver=`waiting for SYN: ackno is empty`, active=1, linger_after_streams_finish=1
Error in _rt_connect
<end of output>
Test time =   0.24 sec
----------------------------------------------------------
Test Failed.
"t_icnD_128K_8K_L" end time: Sep 23 15:34 CST
"t_icnD_128K_8K_L" time elapsed: 00:00:00
----------------------------------------------------------

155/164 Testing: t_icnD_128K_8K_lL
155/164 Test: t_icnD_128K_8K_lL
Command: "/home/bolee/cs144/sponge/txrx.sh" "-icDnd" "128K" "-w" "8K" "-l" "0.1" "-L" "0.1"
Directory: /home/bolee/cs144/sponge/Debug
"t_icnD_128K_8K_lL" start time: Sep 23 15:34 CST
Output:
----------------------------------------------------------
DEBUG: Connecting to 169.254.144.1:6819... Exception: After TCPConnection::connect(), state was sender=`waiting for stream to begin (no SYN sent)`, receiver=`waiting for SYN: ackno is empty`, active=0, linger_after_streams_finish=0 but expected sender=`stream started but nothing acknowledged`, receiver=`waiting for SYN: ackno is empty`, active=1, linger_after_streams_finish=1
Error in _rt_connect
<end of output>
Test time =   0.23 sec
----------------------------------------------------------
Test Failed.
"t_icnD_128K_8K_lL" end time: Sep 23 15:34 CST
"t_icnD_128K_8K_lL" time elapsed: 00:00:00
----------------------------------------------------------

156/164 Testing: t_isnS_128K_8K_l
156/164 Test: t_isnS_128K_8K_l
Command: "/home/bolee/cs144/sponge/txrx.sh" "-isSnd" "128K" "-w" "8K" "-l" "0.1"
Directory: /home/bolee/cs144/sponge/Debug
"t_isnS_128K_8K_l" start time: Sep 23 15:34 CST
Output:
----------------------------------------------------------
DEBUG: Listening for incoming connection... new connection from 0.0.0.0:0.
DEBUG: TCP connection finished cleanly.
Error in _rt_listen
<end of output>
Test time =   0.23 sec
----------------------------------------------------------
Test Failed.
"t_isnS_128K_8K_l" end time: Sep 23 15:34 CST
"t_isnS_128K_8K_l" time elapsed: 00:00:00
----------------------------------------------------------

157/164 Testing: t_isnS_128K_8K_L
157/164 Test: t_isnS_128K_8K_L
Command: "/home/bolee/cs144/sponge/txrx.sh" "-isSnd" "128K" "-w" "8K" "-L" "0.1"
Directory: /home/bolee/cs144/sponge/Debug
"t_isnS_128K_8K_L" start time: Sep 23 15:34 CST
Output:
----------------------------------------------------------
DEBUG: Listening for incoming connection... new connection from 0.0.0.0:0.
DEBUG: TCP connection finished cleanly.
Error in _rt_listen
<end of output>
Test time =   0.22 sec
----------------------------------------------------------
Test Failed.
"t_isnS_128K_8K_L" end time: Sep 23 15:34 CST
"t_isnS_128K_8K_L" time elapsed: 00:00:00
----------------------------------------------------------

158/164 Testing: t_isnS_128K_8K_lL
158/164 Test: t_isnS_128K_8K_lL
Command: "/home/bolee/cs144/sponge/txrx.sh" "-isSnd" "128K" "-w" "8K" "-l" "0.1" "-L" "0.1"
Directory: /home/bolee/cs144/sponge/Debug
"t_isnS_128K_8K_lL" start time: Sep 23 15:34 CST
Output:
----------------------------------------------------------
DEBUG: Listening for incoming connection... new connection from 0.0.0.0:0.
DEBUG: TCP connection finished cleanly.
Error in _rt_listen
<end of output>
Test time =   0.22 sec
----------------------------------------------------------
Test Failed.
"t_isnS_128K_8K_lL" end time: Sep 23 15:34 CST
"t_isnS_128K_8K_lL" time elapsed: 00:00:00
----------------------------------------------------------

159/164 Testing: t_isnR_128K_8K_l
159/164 Test: t_isnR_128K_8K_l
Command: "/home/bolee/cs144/sponge/txrx.sh" "-isRnd" "128K" "-w" "8K" "-l" "0.1"
Directory: /home/bolee/cs144/sponge/Debug
"t_isnR_128K_8K_l" start time: Sep 23 15:34 CST
Output:
----------------------------------------------------------
DEBUG: Listening for incoming connection... new connection from 0.0.0.0:0.
DEBUG: TCP connection finished cleanly.
DEBUG: Waiting for clean shutdown... done.
Error in _rt_listen
<end of output>
Test time =   0.21 sec
----------------------------------------------------------
Test Failed.
"t_isnR_128K_8K_l" end time: Sep 23 15:34 CST
"t_isnR_128K_8K_l" time elapsed: 00:00:00
----------------------------------------------------------

160/164 Testing: t_isnR_128K_8K_L
160/164 Test: t_isnR_128K_8K_L
Command: "/home/bolee/cs144/sponge/txrx.sh" "-isRnd" "128K" "-w" "8K" "-L" "0.1"
Directory: /home/bolee/cs144/sponge/Debug
"t_isnR_128K_8K_L" start time: Sep 23 15:34 CST
Output:
----------------------------------------------------------
DEBUG: Listening for incoming connection... new connection from 0.0.0.0:0.
DEBUG: Waiting for clean shutdown... DEBUG: TCP connection finished cleanly.
done.
Error in _rt_listen
<end of output>
Test time =   0.22 sec
----------------------------------------------------------
Test Failed.
"t_isnR_128K_8K_L" end time: Sep 23 15:34 CST
"t_isnR_128K_8K_L" time elapsed: 00:00:00
----------------------------------------------------------

161/164 Testing: t_isnR_128K_8K_lL
161/164 Test: t_isnR_128K_8K_lL
Command: "/home/bolee/cs144/sponge/txrx.sh" "-isRnd" "128K" "-w" "8K" "-l" "0.1" "-L" "0.1"
Directory: /home/bolee/cs144/sponge/Debug
"t_isnR_128K_8K_lL" start time: Sep 23 15:34 CST
Output:
----------------------------------------------------------
DEBUG: Listening for incoming connection... new connection from 0.0.0.0:0.
DEBUG: TCP connection finished cleanly.
DEBUG: Waiting for clean shutdown... done.
Error in _rt_listen
<end of output>
Test time =   0.21 sec
----------------------------------------------------------
Test Failed.
"t_isnR_128K_8K_lL" end time: Sep 23 15:34 CST
"t_isnR_128K_8K_lL" time elapsed: 00:00:00
----------------------------------------------------------

162/164 Testing: t_isnD_128K_8K_l
162/164 Test: t_isnD_128K_8K_l
Command: "/home/bolee/cs144/sponge/txrx.sh" "-isDnd" "128K" "-w" "8K" "-l" "0.1"
Directory: /home/bolee/cs144/sponge/Debug
"t_isnD_128K_8K_l" start time: Sep 23 15:34 CST
Output:
----------------------------------------------------------
DEBUG: Listening for incoming connection... new connection from 0.0.0.0:0.
DEBUG: TCP connection finished cleanly.
DEBUG: Waiting for clean shutdown... done.
Error in _rt_listen
<end of output>
Test time =   0.23 sec
----------------------------------------------------------
Test Failed.
"t_isnD_128K_8K_l" end time: Sep 23 15:34 CST
"t_isnD_128K_8K_l" time elapsed: 00:00:00
----------------------------------------------------------

163/164 Testing: t_isnD_128K_8K_L
163/164 Test: t_isnD_128K_8K_L
Command: "/home/bolee/cs144/sponge/txrx.sh" "-isDnd" "128K" "-w" "8K" "-L" "0.1"
Directory: /home/bolee/cs144/sponge/Debug
"t_isnD_128K_8K_L" start time: Sep 23 15:34 CST
Output:
----------------------------------------------------------
DEBUG: Listening for incoming connection... new connection from 0.0.0.0:0.
DEBUG: TCP connection finished cleanly.
Error in _rt_listen
<end of output>
Test time =   0.22 sec
----------------------------------------------------------
Test Failed.
"t_isnD_128K_8K_L" end time: Sep 23 15:34 CST
"t_isnD_128K_8K_L" time elapsed: 00:00:00
----------------------------------------------------------

164/164 Testing: t_isnD_128K_8K_lL
164/164 Test: t_isnD_128K_8K_lL
Command: "/home/bolee/cs144/sponge/txrx.sh" "-isDnd" "128K" "-w" "8K" "-l" "0.1" "-L" "0.1"
Directory: /home/bolee/cs144/sponge/Debug
"t_isnD_128K_8K_lL" start time: Sep 23 15:34 CST
Output:
----------------------------------------------------------
DEBUG: Listening for incoming connection... new connection from 0.0.0.0:0.
DEBUG: TCP connection finished cleanly.
Error in _rt_listen
<end of output>
Test time =   0.22 sec
----------------------------------------------------------
Test Failed.
"t_isnD_128K_8K_lL" end time: Sep 23 15:34 CST
"t_isnD_128K_8K_lL" time elapsed: 00:00:00
----------------------------------------------------------

End testing: Sep 23 15:34 CST
